2014-03-15:10:10:20,iFruit 1,6474caf1-7bbf-4594-a526-9ba8ea82e151,0,15,71,77,0,40,TRUE,enabled,connected,37.90310537,-121.5614513
2014-03-15:10:10:20,iFruit 2,5c2d40d8-b1e0-4c2a-b050-06ca6c590741,1,28,66,67,40,49,TRUE,disabled,connected,34.12789546,-108.9681595
2014-03-15:10:10:20,iFruit 3,27178d24-3a61-42f7-a784-e3263f25cc6f,1,30,91,89,41,17,TRUE,enabled,enabled,37.92489617,-122.2068682
2014-03-15:10:10:20,iFruit 3A,fe4674a7-0632-494a-aaf3-f5865a724e1c,0,21,95,73,19,62,TRUE,disabled,enabled,38.0180756,-120.0678602
2014-03-15:10:10:20,iFruit 5,86e4bd60-5c72-4558-a019-caf1de9d14f1,0,29,68,32,63,62,TRUE,enabled,connected,39.47088617,-119.6599261
2014-03-15:10:10:20,MeeToo 1.0,ef8c7564-0a1a-4650-a655-c8bbd5f8f943,0,31,63,70,39,27,TRUE,enabled,enabled,37.43210889,-121.4850296
2014-03-15:10:10:20,MeeToo 1.0,23eba027-b95a-4729-9a4b-a3cca51c5548,0,20,21,86,54,34,TRUE,enabled,enabled,39.43789083,-120.9389785
2014-03-15:10:10:20,MeeToo 1.0,16085fbf-cda5-4489-84b9-0fad888f9e7a,0,29,26,97,8,11,TRUE,enabled,enabled,34.048762,-111.9288717
2014-03-15:10:10:20,MeeToo 1.0,e205ee4a-e7f8-44ba-bfb0-2f4a7a604e09,0,21,54,53,53,20,TRUE,enabled,enabled,39.53705419,-114.7519081
2014-03-15:10:10:20,MeeToo 1.0,ff375011-34f0-4758-bade-e68cea787115,1,29,87,98,37,24,TRUE,disabled,enabled,33.42232383,-111.3701289
2014-03-15:10:10:20,MeeToo 3.0,8316b507-7620-47aa-b56b-cae5cb2cd819,0,19,69,31,51,44,TRUE,enabled,disabled,33.4467594,-111.3653269
2014-03-15:10:10:20,MeeToo 4.1,673f7e4b-d52b-44fc-8826-aea460c3481a,1,16,77,61,24,50,TRUE,disabled,enabled,34.18410623,-117.9435329
2014-03-15:10:10:20,MeeToo 5.0,668e6f06-a8aa-4be5-8609-899c45d3caa8,0,11,61,71,45,66,TRUE,enabled,connected,36.03296779,-118.9701089
2014-03-15:10:10:20,Ronin Novelty Note 1,db66fe81-aa55-43b4-9418-fc6e7a00f891,0,13,47,70,10,45,TRUE,enabled,enabled,33.19135811,-116.4482426
2014-03-15:10:10:20,Ronin Novelty Note 1,b954db08-1f97-4311-8d42-1a7ba39d8dcf,0,23,81,92,4,12,TRUE,enabled,enabled,32.20834933,-111.4341027
2014-03-15:10:10:20,Ronin Novelty Note 1,6d195272-8dba-42d6-9b1f-fe61edf7f2a2,0,13,49,98,60,16,TRUE,connected,enabled,45.04008104,-117.8580045
2014-03-15:10:10:20,Ronin Novelty Note 1,7017f788-0de7-4218-a1bb-1b8287944b34,0,12,37,58,39,14,FALSE,enabled,disabled,0,0
2014-03-15:10:10:20,Ronin Novelty Note 2,a678ccc3-b0d2-452d-bf89-85bd095e28ee,0,10,97,63,48,4,TRUE,enabled,connected,32.28505568,-111.8195837
2014-03-15:10:10:20,Ronin Novelty Note 3,d4ebd9ae-4dad-4fb4-ba1d-d2a9610a458d,0,13,97,63,41,36,TRUE,enabled,enabled,33.17749854,-116.8892263
2014-03-15:10:10:20,Ronin S1,e75dc777-b531-4dbd-80d5-39c772666e6a,0,10,20,47,19,36,TRUE,connected,enabled,33.32312664,-116.4722347
2014-03-15:10:10:20,Ronin S1,90d30931-6664-4a1f-966c-ab0c3b37156e,0,10,40,56,1,20,FALSE,enabled,connected,0,0
2014-03-15:10:10:20,Ronin S1,9c82628f-cb22-4ceb-998f-e943dc1ca5bb,0,17,56,44,22,7,TRUE,disabled,connected,32.82478114,-116.8703944
2014-03-15:10:10:20,Ronin S1,77387915-98bc-4bd9-a349-dcefac176e7a,0,23,60,96,58,2,TRUE,connected,connected,40.22328946,-122.2943565
2014-03-15:10:10:20,Sorrento F01L,ab508fbf-f5ca-4ee6-92f7-c5e090752d2d,0,15,92,36,62,53,TRUE,enabled,connected,34.12599932,-117.9141502
2014-03-15:10:10:20,Sorrento F01L,29e00320-b2b0-44e0-8aa9-34289549e68c,0,27,33,45,40,49,TRUE,enabled,connected,39.28359556,-120.4464786
2014-03-15:10:10:20,Sorrento F10L,d228cdab-8b35-4733-9f2e-e4760dfacb30,1,22,46,64,59,15,TRUE,enabled,enabled,35.2338864,-114.3057523
2014-03-15:10:10:20,Sorrento F11L,62b56822-f19c-4f50-bb37-817cbd2b7ade,0,10,37,80,38,64,TRUE,disabled,connected,36.34726459,-114.9497404
2014-03-15:10:10:20,Sorrento F21L,3c6ad768-a510-43b4-9050-aad293b75373,0,22,90,55,66,24,TRUE,connected,connected,33.8514466,-117.7874233
2014-03-15:10:10:20,Sorrento F23L,6861961e-50e5-4e67-ab4e-36cc327ec6e2,1,20,30,62,49,10,TRUE,enabled,enabled,39.07916594,-119.5290513
2014-03-15:10:10:20,Sorrento F33L,66d678e6-9c87-48d2-a415-8d5035e54a23,1,34,74,57,42,15,TRUE,disabled,enabled,37.38039543,-121.8407568
2014-03-15:10:10:20,Sorrento F41L,8cc3b47e-bd01-4482-b500-28f2342679af,7,24,39,55,67,12,TRUE,disabled,connected,33.68947543,-117.5433083
2014-03-15:10:10:20,Sorrento F41L,707daba1-5640-4d60-a6d9-1d6fa0645be0,8,22,60,68,91,17,TRUE,enabled,disabled,39.36351868,-119.4003347
2014-03-15:10:10:20,Sorrento F41L,ffa18088-69a0-433e-84b8-006b2b9cc1d0,3,10,36,53,58,42,TRUE,connected,enabled,33.83435437,-117.3300009
2014-03-15:10:10:20,Sorrento F41L,86bef6ae-2f1c-42ec-aa67-6acecd7b0675,9,27,35,62,41,19,TRUE,enabled,enabled,45.2400523,-122.3774679
2014-03-15:10:10:20,Sorrento F41L,92f0ee6e-a56a-4e3c-808f-a6282c539ef8,6,19,37,70,55,37,TRUE,connected,enabled,32.82029877,-110.8621654
2014-03-15:10:10:20,Sorrento F41L,89f630b4-7d95-4f3c-aa83-d203b874ade6,5,19,44,78,58,25,TRUE,enabled,enabled,34.21821705,-118.1218821
2014-03-15:10:10:20,Sorrento F41L,5d08d989-c873-4598-a3d1-19cf8f0984fd,2,12,20,33,47,21,TRUE,enabled,connected,33.72766542,-112.0444754
2014-03-15:10:10:20,Sorrento F41L,fce6f168-7cca-4c00-97f5-9d03ad8232a9,7,25,30,85,57,55,TRUE,enabled,connected,34.57111121,-117.8056088
2014-03-15:10:10:20,Sorrento F41L,2b3f2895-03fb-402e-8fdc-1f4e2ae7095e,5,19,65,75,48,67,TRUE,connected,connected,38.32159429,-121.8845222
2014-03-15:10:10:20,Sorrento F41L,64f745dd-f99e-4c01-83e3-c695365138f5,7,18,24,54,53,53,TRUE,disabled,enabled,36.60889038,-120.6767859
2014-03-15:10:10:20,Titanic 2000,08bf61ec-f224-4e8c-a754-1ed381329ed4,43,80,28,61,20,0,TRUE,enabled,connected,45.32641438,-117.8078111
2014-03-15:10:10:20,Titanic 2400,b4a15931-9a69-469f-9823-a45974472c51,21,96,63,38,11,0,TRUE,disabled,enabled,38.1653164,-122.1516084
2014-03-15:10:10:21,iFruit 2,cbf7b521-d297-43ac-a759-bf34288709a7,0,10,35,84,60,2,TRUE,enabled,disabled,33.72338335,-108.9336146
2014-03-15:10:10:21,iFruit 3A,6c3e1dfb-1b13-43e2-b353-6c6e45879035,0,17,60,38,2,23,TRUE,connected,connected,39.42931406,-114.6935367
2014-03-15:10:10:21,iFruit 4,dc9bdaf5-ce88-4f7a-951d-cf16ada04834,0,16,28,82,69,35,TRUE,enabled,enabled,39.55189333,-120.6015085
2014-03-15:10:10:21,iFruit 4A,6ca977b5-622c-410f-9ada-e524a5bae433,0,22,94,95,17,14,TRUE,enabled,connected,36.00138226,-114.7491227
2014-03-15:10:10:21,iFruit 4A,728f7687-ca15-4468-8655-8e6187fbc94b,1,25,78,92,36,22,TRUE,enabled,connected,32.95423833,-110.7317451
2014-03-15:10:10:21,MeeToo 1.0,210623e6-bb55-4fff-b715-768dfda84190,0,31,79,43,43,19,TRUE,enabled,connected,38.2747465,-122.0874387
2014-03-15:10:10:21,MeeToo 1.0,07a3c3a8-3e0e-4bbc-9d72-9b294293ef58,1,33,27,61,28,40,TRUE,enabled,connected,38.59054265,-121.3007214
2014-03-15:10:10:21,MeeToo 1.0,1b1db658-6573-487e-a67f-ad6e82f5f9b0,0,12,42,73,66,15,TRUE,disabled,enabled,31.99163926,-111.5230462
2014-03-15:10:10:21,MeeToo 4.1,85a5a8f4-7bb5-4a23-8b02-6460ab9cdcf0,0,12,36,63,56,66,TRUE,enabled,enabled,33.35318166,-111.2939618
2014-03-15:10:10:21,MeeToo 5.1,54d45388-b910-42a4-bf7a-cb10090d524a,0,25,49,75,18,1,TRUE,enabled,enabled,34.16352136,-117.7509438
2014-03-15:10:10:21,Ronin Novelty Note 1,88d259d3-5a17-401b-b9e7-b1f71a824560,1,27,39,61,20,2,TRUE,enabled,enabled,37.48249666,-121.6797849
2014-03-15:10:10:21,Ronin Novelty Note 2,b421b28c-f4a2-4527-bba0-44b5d7028d94,0,18,98,71,56,65,TRUE,disabled,connected,38.78435441,-121.1214658
2014-03-15:10:10:21,Ronin S1,c03876d2-0699-4091-a251-b4bc347587da,0,33,63,57,25,52,TRUE,disabled,connected,35.39373826,-117.9342833
2014-03-15:10:10:21,Ronin S1,a87705e9-e3b2-4f9b-95c5-2aeb55eee655,0,30,75,32,27,61,TRUE,enabled,connected,36.17273188,-114.486538
2014-03-15:10:10:21,Ronin S1,f21edbbb-530b-492b-80bd-b64521cf6efc,2,34,53,87,61,30,TRUE,connected,disabled,35.33543369,-117.7400176
2014-03-15:10:10:21,Ronin S1,5534a2f5-ffa7-46cb-a692-c5c5e88105a6,1,31,77,99,60,6,TRUE,enabled,connected,33.85008318,-118.0301984
2014-03-15:10:10:21,Ronin S2,1ba2d807-01b0-4d0e-9e6e-8b5a88e412dc,0,10,37,45,3,15,TRUE,enabled,enabled,34.1418906,-109.0008453
2014-03-15:10:10:21,Sorrento F10L,1eee0a4e-d5f4-4a1b-9de3-0208bad70692,0,24,28,58,6,30,TRUE,enabled,connected,36.45006276,-114.9261548
2014-03-15:10:10:21,Sorrento F21L,9a637927-0de2-4634-93b7-f200995a1dbb,0,16,41,65,44,64,TRUE,disabled,connected,37.4129794,-121.9193568
2014-03-15:10:10:21,Sorrento F21L,50bb559c-9bbb-4e21-bc9b-7a0b301fdd62,0,16,39,85,17,4,TRUE,enabled,connected,40.21194055,-122.2010213
2014-03-15:10:10:21,Sorrento F21L,9b1b332c-657a-4ed4-9338-ea2e847d34a1,0,14,65,40,44,14,TRUE,enabled,connected,38.13155757,-122.2376512
2014-03-15:10:10:21,Sorrento F22L,d900afd0-0cfc-4a00-8dd6-0aa02b9a0736,1,21,38,64,7,37,TRUE,connected,enabled,34.29148081,-119.7361862
2014-03-15:10:10:21,Sorrento F24L,8aa35d8e-80c6-43ec-aef5-79f5df427708,0,23,21,72,29,52,FALSE,enabled,enabled,0,0
2014-03-15:10:10:21,Sorrento F24L,e8aa5683-2465-42a5-82a7-b9045475cdda,0,17,93,51,63,59,TRUE,enabled,connected,32.98748547,-116.8079899
2014-03-15:10:10:21,Sorrento F31L,3231970a-62a3-4be7-83f0-ec75186ecab8,1,24,32,88,17,3,TRUE,enabled,connected,34.42687033,-118.031802
2014-03-15:10:10:21,Sorrento F40L,e5ce2c42-bad6-4a58-bc81-510a6cbb33cd,0,19,77,32,25,48,TRUE,enabled,enabled,34.23690121,-117.8834858
2014-03-15:10:10:21,Sorrento F41L,69e4d83e-bdd6-4cde-98f6-154706b7b3a4,7,24,53,46,70,6,TRUE,connected,connected,36.39781974,-114.9567277
2014-03-15:10:10:21,Sorrento F41L,45903a94-15d1-48b7-b7fd-5b367eb5eb4f,8,28,25,63,95,57,TRUE,enabled,disabled,35.29284567,-115.5253406
2014-03-15:10:10:21,Sorrento F41L,e811f16d-f5e9-4e4a-acf4-67f398639494,4,20,38,30,61,32,FALSE,enabled,enabled,0,0
2014-03-15:10:10:21,Sorrento F41L,f5e52b95-8857-4ce0-adf7-44c133ffa798,7,31,27,42,52,17,TRUE,enabled,connected,37.02541093,-119.2409177
2014-03-15:10:10:21,Sorrento F41L,d45bcdaa-385e-41b2-871a-f5c557a62434,2,12,49,74,54,56,TRUE,enabled,disabled,36.18014958,-118.9856639
2014-03-15:10:10:21,Sorrento F41L,6024ecbd-8f2c-42d5-9053-bde726619bdd,9,26,30,46,75,37,TRUE,enabled,enabled,35.28122864,-115.699671
2014-03-15:10:10:21,Sorrento F41L,1d9f4c7c-4393-47e9-9ad2-fc8079ca63e9,6,23,29,62,89,35,TRUE,disabled,enabled,36.41282316,-114.4818724
2014-03-15:10:10:21,Titanic 1000,f1c9e8fe-6235-4fd9-afd2-057922d50f58,81,63,26,40,12,0,TRUE,enabled,enabled,35.45767939,-117.5590077
2014-03-15:10:10:21,Titanic 2200,0615efa5-d32d-474b-b1fc-68ced3c56a34,32,56,21,38,23,0,TRUE,enabled,enabled,34.02904542,-117.7395907
2014-03-15:10:10:21,Titanic 2200,83c2478d-4bd5-45f7-94bf-ffb26e5d3042,65,97,52,60,20,0,TRUE,connected,enabled,38.49996409,-121.1890795
2014-03-15:10:10:21,Titanic 2200,de3cfcfb-29c7-48dd-8131-5f8640bc633f,80,75,23,36,16,0,TRUE,connected,connected,37.33666727,-121.4364874
2014-03-15:10:10:21,Titanic 2300,df72fff4-7cb8-460e-b24c-de15f02a5e09,40,33,21,30,21,0,TRUE,enabled,enabled,34.46852397,-118.0816958
2014-03-15:10:10:21,Titanic 2300,2097a15a-8555-46c1-9f71-1fab88c939d4,22,53,39,18,29,1,TRUE,enabled,disabled,45.77601446,-123.1416629
2014-03-15:10:10:21,Titanic 2500,3656f5bc-9244-4fa5-a015-eba00c8ce62f,58,40,43,14,22,0,TRUE,connected,enabled,38.09197319,-119.9491637
2014-03-15:10:10:21,Titanic 3000,8a12de82-c17e-42a9-b65b-ce807892df60,67,92,57,33,31,1,TRUE,disabled,disabled,37.54683736,-121.4733647
2014-03-15:10:10:21,Titanic DeckChairs,b331b4c2-36a0-4cfc-af37-1bc03f86dc4b,81,42,47,42,25,0,TRUE,enabled,connected,34.25086546,-117.5294077
2014-03-15:10:10:22,iFruit 1,9abcd8e7-06ec-4e43-b4a3-3470139071e4,1,33,98,45,33,46,TRUE,connected,enabled,38.10986476,-121.8801043
2014-03-15:10:10:22,iFruit 1,bd0ca8d2-c89d-47be-b791-9c89655492ab,0,16,53,58,28,60,TRUE,enabled,enabled,34.42489234,-118.2576295
2014-03-15:10:10:22,iFruit 2,d7afee7e-9d0f-43a9-a775-938e510eeca0,0,34,25,53,55,41,TRUE,disabled,enabled,45.24818252,-117.8489186
2014-03-15:10:10:22,iFruit 3,db360838-0203-4c55-aa7b-82f9b7771eff,1,28,45,47,53,19,TRUE,enabled,connected,39.45077971,-119.5750924
2014-03-15:10:10:22,iFruit 3A,e6fe63d4-52d7-4b24-89dc-4db96ba52af3,1,32,37,89,65,63,TRUE,connected,enabled,34.06525943,-117.9149514
2014-03-15:10:10:22,iFruit 3A,cfab5d14-7d6d-473f-aeec-ab65cdaa1c78,1,16,39,72,49,22,TRUE,enabled,connected,33.53045391,-111.9032861
2014-03-15:10:10:22,MeeToo 1.0,6e626fef-4fa4-4e63-885d-bbd41efd2655,0,32,52,93,63,12,TRUE,disabled,connected,37.49789226,-121.4094016
2014-03-15:10:10:22,MeeToo 1.0,35d31621-f157-4280-9dac-f865bd18efb1,1,26,77,63,49,67,TRUE,connected,connected,34.648003,-116.1318047
2014-03-15:10:10:22,MeeToo 2.0,cb03312f-aa3a-4ca6-a24f-bc783efb64f6,1,29,45,87,0,64,TRUE,enabled,disabled,33.97579097,-112.0122259
2014-03-15:10:10:22,MeeToo 2.0,59a08379-ed21-4f31-bebe-003dabb618db,0,25,46,40,30,20,TRUE,enabled,enabled,39.45285451,-119.6817385
2014-03-15:10:10:22,MeeToo 4.1,1a2eb25d-c419-4d36-80dd-b3c8a08864ef,1,18,54,49,69,67,FALSE,enabled,connected,0,0
2014-03-15:10:10:22,Ronin Novelty Note 1,b119e803-8741-428c-b1f1-47bb8a87b510,0,34,82,42,25,67,TRUE,enabled,enabled,34.18098586,-118.5407533
2014-03-15:10:10:22,Ronin S1,28d6638b-94cf-4d20-a40c-6c57bdeef3e5,1,26,63,96,38,59,TRUE,disabled,enabled,41.29702838,-117.1681801
2014-03-15:10:10:22,Ronin S1,175ce0e4-35c0-47f0-956e-0d451600f672,0,18,84,33,54,42,TRUE,enabled,enabled,34.28543643,-118.1079212
2014-03-15:10:10:22,Sorrento F00L,37360baa-0eef-4288-9301-f92c704e21c9,0,13,73,76,15,37,TRUE,enabled,enabled,38.15563602,-120.903685
2014-03-15:10:10:22,Sorrento F10L,281d5937-28ed-4fcb-93ef-fdf9a7ccbc1a,0,11,24,36,22,10,TRUE,connected,disabled,33.84670569,-118.1898287
2014-03-15:10:10:22,Sorrento F10L,a4ee7ac1-dcba-4a93-ba23-6173a4f67abf,0,17,96,89,17,42,TRUE,enabled,connected,34.55973553,-118.2628686
2014-03-15:10:10:22,Sorrento F20L,acb4177c-d2d0-4721-a867-06cdfcaed898,0,32,86,69,15,23,TRUE,enabled,connected,36.12506867,-113.6182089
2014-03-15:10:10:22,Sorrento F20L,67ed4895-8670-47aa-9d73-78611771bb3f,0,15,57,55,2,45,TRUE,disabled,enabled,33.27407607,-111.536739
2014-03-15:10:10:22,Sorrento F21L,a74d24e7-9905-4d1d-9666-84761a53985b,0,10,67,75,49,61,TRUE,enabled,enabled,38.7764229,-122.7098272
2014-03-15:10:10:22,Sorrento F24L,ed014236-df31-4b89-9141-8d63418ead28,0,10,80,74,43,67,TRUE,disabled,enabled,35.56355978,-120.2236484
2014-03-15:10:10:22,Sorrento F30L,44ac0fe6-6d0b-49b8-8ef1-6c4e15de9237,1,29,94,61,15,57,TRUE,enabled,disabled,34.30485739,-117.7922491
2014-03-15:10:10:22,Sorrento F31L,d47e963a-3c93-4a4a-be9c-5f90d23276d0,0,30,28,51,10,4,TRUE,enabled,disabled,38.26152536,-121.2639182
2014-03-15:10:10:22,Sorrento F41L,7822a71b-15ab-4d20-8db5-9bc282cc7f9d,5,18,25,30,74,14,TRUE,enabled,enabled,36.2185862,-120.9390763
2014-03-15:10:10:22,Sorrento F41L,f8e2a12c-2a90-4c48-9420-d00805eb6912,4,19,51,70,68,32,TRUE,enabled,connected,38.22208643,-122.2647781
2014-03-15:10:10:22,Sorrento F41L,8649cf48-4d1e-487f-88f2-03d76b318754,7,19,31,74,98,55,TRUE,connected,disabled,42.80008327,-122.3254017
2014-03-15:10:10:22,Sorrento F41L,989e1241-2e23-4f51-b22f-148c86408950,3,13,47,33,65,2,TRUE,disabled,disabled,37.35416281,-121.5427354
2014-03-15:10:10:22,Sorrento F41L,41f3981c-83bf-4428-ad2a-0a5b0e2bc312,3,14,73,33,99,0,TRUE,disabled,enabled,38.19128802,-119.8841205
2014-03-15:10:10:22,Sorrento F41L,aa7868f0-e59b-4b3f-a5e6-fc98366602fb,5,19,63,40,73,5,TRUE,disabled,enabled,34.32362593,-116.2278586
2014-03-15:10:10:22,Sorrento F41L,67b85a2c-8ba5-4b07-96be-56b4f9b8b3e6,8,24,45,63,80,7,TRUE,enabled,disabled,39.82422899,-114.6248312
2014-03-15:10:10:22,Titanic 1000,b6af756d-58cf-4236-a9c4-290ea84a4223,32,69,17,6,30,1,TRUE,enabled,enabled,38.63201645,-122.3522456
2014-03-15:10:10:22,Titanic 1000,2dbac5a3-aa0a-4f4f-96ed-3ad5ca5080fb,96,69,12,10,33,0,TRUE,disabled,disabled,34.03202893,-117.7172069
2014-03-15:10:10:22,Titanic 1000,48396d7b-2c35-4120-9e9b-acd77def15e4,77,81,6,54,13,0,TRUE,connected,enabled,35.67101858,-120.205014
2014-03-15:10:10:22,Titanic 1000,47bacda7-ec90-4b68-a035-d541e55ff6f0,74,87,52,33,20,1,TRUE,connected,enabled,38.23157459,-122.2511409
2014-03-15:10:10:22,Titanic 1000,28881154-a4f0-41e9-bead-a6528150fa4b,29,46,42,32,27,0,TRUE,disabled,connected,38.66945317,-121.3113647
2014-03-15:10:10:22,Titanic 1000,2e7433e1-1daa-4b7e-a646-3fdca15737df,52,74,15,43,23,0,TRUE,enabled,enabled,34.28405216,-119.5557939
2014-03-15:10:10:22,Titanic 2000,f0b6d455-c45d-4572-b278-4eb65d3a7b64,36,33,17,69,25,0,TRUE,disabled,enabled,45.39067381,-122.054347
2014-03-15:10:10:22,Titanic 2100,c2321190-2798-4e9d-8823-07b7799f4333,61,86,24,6,13,0,TRUE,disabled,connected,42.26115124,-124.0368535
2014-03-15:10:10:22,Titanic 2200,388df13e-6048-4b49-b4ee-1a638d10b60f,52,54,13,27,28,0,FALSE,enabled,connected,0,0
2014-03-15:10:10:22,Titanic 2300,54e3143c-3d13-4469-baff-8a03ecfb365b,20,83,15,19,18,0,TRUE,connected,enabled,36.84325412,-119.1776764
2014-03-15:10:10:22,Titanic 2400,2a039b3d-2457-4d4d-ad72-499e2bb29fb9,40,82,8,37,23,0,TRUE,enabled,enabled,45.51382598,-123.1480377
2014-03-15:10:10:22,Titanic 4000,27a418dc-9f20-4cb9-9c69-92d16c596bad,43,97,7,53,15,0,TRUE,disabled,enabled,34.55586985,-116.220019
2014-03-15:10:10:23,iFruit 1,41389e10-05cd-41f7-bf03-5561c9b88822,1,25,31,75,67,15,TRUE,enabled,enabled,40.97993861,-119.1904757
2014-03-15:10:10:23,iFruit 1,bf701e1d-6f52-463b-a31a-0f95bae933ba,0,27,54,35,16,3,TRUE,enabled,disabled,34.27162243,-118.4469522
2014-03-15:10:10:23,iFruit 2,de1a87b5-4f16-4df1-a8db-52f2dac0a07b,1,30,97,51,61,42,TRUE,enabled,enabled,34.69977899,-119.836076
2014-03-15:10:10:23,iFruit 2,f63b27ec-08c0-41a1-aa4b-2ba979955182,0,12,72,47,1,3,TRUE,disabled,connected,34.20038637,-117.7075889
2014-03-15:10:10:23,iFruit 3,d0f6f4b4-f10e-4259-80c4-cff8dd4a6114,1,23,29,80,32,28,TRUE,enabled,enabled,39.44937737,-119.3308534
2014-03-15:10:10:23,iFruit 4A,3339c9bc-5440-43f1-8dfb-85f373be20c9,1,31,30,71,66,67,FALSE,enabled,connected,0,0
2014-03-15:10:10:23,MeeToo 1.0,d0a0ab6a-f0c9-49a7-b791-e7ebd405b878,0,34,21,88,21,5,TRUE,connected,enabled,39.46504796,-119.4990393
2014-03-15:10:10:23,MeeToo 3.0,5db3cc60-9ebe-4a74-98c1-7a232781fba1,0,33,67,91,27,44,TRUE,enabled,connected,34.33017311,-117.6206773
2014-03-15:10:10:23,MeeToo 3.1,5786ee06-d68b-46d9-a4a0-e6e8f7874f33,0,12,38,77,11,42,TRUE,enabled,enabled,38.62755439,-122.0816721
2014-03-15:10:10:23,MeeToo 4.0,0775d027-484b-4f0e-b647-ba0502d9fab1,0,23,88,58,11,37,TRUE,enabled,enabled,36.86616518,-119.163501
2014-03-15:10:10:23,MeeToo 4.0,a750bef3-0ee9-4e65-ad4b-eac77f028081,0,11,73,32,1,12,TRUE,connected,enabled,39.44011705,-114.7762485
2014-03-15:10:10:23,MeeToo 4.1,fb2af18d-a6e4-49d5-a46f-a3e172d65223,0,16,55,52,34,38,TRUE,enabled,enabled,38.08705312,-121.8783953
2014-03-15:10:10:23,Ronin Novelty Note 1,6398ef2a-5de8-486a-9518-53c725965e71,0,23,72,48,19,55,TRUE,disabled,enabled,37.25697079,-121.6798583
2014-03-15:10:10:23,Ronin Novelty Note 1,68e7a392-0684-4d90-a6c2-1c71298bb9c6,0,13,31,45,40,36,TRUE,enabled,disabled,38.13828517,-122.1678194
2014-03-15:10:10:23,Ronin Novelty Note 1,710639fd-6782-4eed-b137-6064cfd32f4a,0,33,63,90,41,6,TRUE,enabled,enabled,36.22907458,-114.769823
2014-03-15:10:10:23,Ronin Novelty Note 2,dd6a8a6c-2035-435f-a70e-9015572d049f,0,31,84,80,23,47,TRUE,disabled,enabled,34.07528848,-117.8709375
2014-03-15:10:10:23,Ronin S4,6670a433-06c6-4b1a-a926-6fc14e6423f8,0,11,62,85,52,54,TRUE,enabled,enabled,36.3729642,-121.0180503
2014-03-15:10:10:23,Sorrento F01L,b81eb020-03f0-43e8-b719-80d36482f496,1,21,75,93,33,3,FALSE,enabled,enabled,0,0
2014-03-15:10:10:23,Sorrento F10L,a607af3a-ff11-4eff-8b0c-ec9277a22416,0,10,58,93,21,58,TRUE,disabled,connected,38.85913483,-122.7639994
2014-03-15:10:10:23,Sorrento F10L,2675aa37-ed54-4d65-aaf5-0e4318be30e1,0,30,69,52,37,30,TRUE,connected,connected,43.05577426,-122.4631486
2014-03-15:10:10:23,Sorrento F10L,93f530f6-3159-4ba6-8d98-7c5b9d5cda35,0,34,90,62,51,59,TRUE,enabled,connected,37.34166984,-121.3785398
2014-03-15:10:10:23,Sorrento F20L,32c213f1-92bb-4b7f-8817-fc1bff6b40fa,1,25,37,54,51,56,TRUE,enabled,enabled,38.25875006,-122.1865033
2014-03-15:10:10:23,Sorrento F20L,0d5ffa71-e80e-450c-9acf-a8db26ba4d74,1,30,60,38,3,41,TRUE,connected,enabled,37.17476498,-122.0452333
2014-03-15:10:10:23,Sorrento F21L,83a416dc-10eb-48b7-b403-c868e701a3f9,0,26,53,44,68,5,TRUE,enabled,enabled,39.63416251,-120.3799735
2014-03-15:10:10:23,Sorrento F23L,a44df7e0-3f6e-4c7b-84fe-c2abe9255f97,1,22,60,87,12,19,TRUE,enabled,enabled,34.27450412,-117.8893568
2014-03-15:10:10:23,Sorrento F24L,6c352774-ddc1-4c47-a83b-e617e24e9f77,1,23,92,38,58,51,TRUE,enabled,disabled,34.4148887,-117.5160048
2014-03-15:10:10:23,Sorrento F30L,44b1aff7-c2bb-4264-8057-4f4d3f28bbbe,1,30,85,33,51,38,TRUE,connected,enabled,38.67499803,-121.4241916
2014-03-15:10:10:23,Sorrento F41L,15aee3f7-0d01-4372-8244-ff5288934c27,6,18,59,96,50,63,TRUE,disabled,enabled,38.73498819,-122.9518232
2014-03-15:10:10:23,Sorrento F41L,508f085c-4344-4a0a-91f9-ace4f37e8f32,5,26,41,36,69,26,TRUE,enabled,connected,34.27035887,-118.2922073
2014-03-15:10:10:23,Sorrento F41L,8f50f0d4-eb18-40de-b038-b82863c44ef9,4,14,30,38,69,64,TRUE,enabled,connected,39.51008032,-119.7536425
2014-03-15:10:10:23,Sorrento F41L,6bc57b51-80a6-4f91-8491-77471555c85f,8,34,56,74,55,68,TRUE,connected,connected,35.08065471,-114.1750919
2014-03-15:10:10:23,Sorrento F41L,f9f802e1-740a-45fa-aad5-fd86af7f5e86,13,34,70,43,71,48,TRUE,enabled,enabled,37.97020487,-119.6323606
2014-03-15:10:10:23,Sorrento F41L,61d891ae-5b77-4b34-ae00-6c4a56621fd2,6,18,61,92,92,17,TRUE,disabled,connected,37.14280312,-119.4745767
2014-03-15:10:10:23,Sorrento F41L,b637e4d7-a0e2-4e1a-948a-57247e1fad2b,3,14,45,75,91,69,TRUE,enabled,enabled,36.33118217,-114.8962683
2014-03-15:10:10:23,Sorrento F41L,193a82b4-46bb-4164-a9e4-d3646fe2b626,3,17,72,95,69,41,TRUE,enabled,connected,45.35072131,-117.8261468
2014-03-15:10:10:23,Sorrento F41L,7097f48f-f359-4bcb-95d1-09794783b931,5,19,42,91,64,34,TRUE,enabled,enabled,42.0637808,-123.6460798
2014-03-15:10:10:23,Sorrento F41L,b0ce3eaa-5d87-43dd-b9ba-ae568e12c915,9,26,66,93,93,27,TRUE,disabled,connected,34.125605,-117.7446201
2014-03-15:10:10:23,Sorrento F41L,0c9985ee-61f8-4f48-ad82-b967f0a1cd29,4,18,74,36,84,42,TRUE,disabled,enabled,33.94741323,-118.0798471
2014-03-15:10:10:23,Titanic 1100,25f754ff-7d77-4b07-89cb-70ef65e0d709,62,69,49,22,14,0,TRUE,enabled,disabled,39.18585003,-119.459335
2014-03-15:10:10:23,Titanic 1100,9ef4ce89-844c-472c-af05-98c391491e8d,70,66,9,45,15,0,TRUE,connected,enabled,35.23864272,-114.1232932
2014-03-15:10:10:23,Titanic 2300,db6ff1c4-451c-4257-ba04-d12b7344b9ca,99,91,21,46,17,0,TRUE,connected,connected,34.57595599,-117.951396
2014-03-15:10:10:23,Titanic 2400,4dbcb7f9-0c19-4c0f-abc7-c382a8de0814,61,90,59,68,24,0,TRUE,enabled,enabled,36.12176776,-113.8269187
2014-03-15:10:10:24,iFruit 2,0cef09dd-e8b9-4df1-aa2a-88a9dcf526a1,0,14,88,88,33,37,TRUE,enabled,enabled,36.18690163,-118.7776112
2014-03-15:10:10:24,MeeToo 2.0,f2bee352-7683-4cec-a55d-4f91d739e1bc,0,20,22,75,30,25,TRUE,enabled,connected,34.24394718,-118.406543
2014-03-15:10:10:24,MeeToo 4.0,0b77566f-9d2f-4aa9-8faa-4a34e9f08a96,1,30,95,89,15,41,TRUE,connected,enabled,33.29601144,-108.9039402
2014-03-15:10:10:24,MeeToo 4.1,2192c442-39eb-4593-aef6-88d9c374aaee,0,12,21,96,2,35,TRUE,disabled,enabled,35.68871706,-120.0957282
2014-03-15:10:10:24,MeeToo 4.1,c3304e99-f5dc-4293-9e3f-f98f9153937e,0,14,64,57,8,43,TRUE,disabled,connected,34.17463604,-117.8111133
2014-03-15:10:10:24,Ronin Novelty Note 1,d643b53c-31e3-4ae1-b0ec-39319582afef,1,22,77,75,15,52,TRUE,enabled,enabled,45.74859555,-122.7303677
2014-03-15:10:10:24,Ronin Novelty Note 2,c8f941d9-ed07-44de-8703-79b488f5d3a4,1,27,50,33,28,1,TRUE,enabled,enabled,35.82179271,-120.4799877
2014-03-15:10:10:24,Ronin S1,10e0eda6-828d-44f5-b893-8946ca8b66e6,0,32,52,99,69,55,TRUE,enabled,enabled,37.42392786,-122.0987177
2014-03-15:10:10:24,Ronin S1,7befb198-ed57-4976-93f0-b2116ca6b74c,0,21,93,30,8,56,TRUE,disabled,connected,34.21774031,-117.2576424
2014-03-15:10:10:24,Ronin S3,49973809-9d01-4730-8d51-1bcb995750c5,0,18,91,80,63,27,TRUE,enabled,connected,34.51238344,-116.2218373
2014-03-15:10:10:24,Sorrento F01L,1c89e51b-8664-4977-b8f3-cb4fcc416648,1,22,75,68,7,12,TRUE,enabled,enabled,38.77857236,-121.0860826
2014-03-15:10:10:24,Sorrento F01L,cdae7984-45e2-4ed8-b73a-40b257df2e67,0,27,28,64,29,67,TRUE,enabled,disabled,37.49536388,-121.6565473
2014-03-15:10:10:24,Sorrento F01L,846834e8-583a-4132-8e50-bc6f2acd1ec8,0,14,81,58,43,7,TRUE,enabled,connected,34.31593789,-116.0815727
2014-03-15:10:10:24,Sorrento F10L,a0886049-7e27-496c-a47e-d6225b58b368,1,31,40,85,66,25,TRUE,enabled,disabled,34.32510976,-118.54522
2014-03-15:10:10:24,Sorrento F21L,d07d70cd-7c93-4e5a-82df-50656e3eb347,0,12,34,31,67,33,TRUE,enabled,enabled,45.45019875,-117.5864001
2014-03-15:10:10:24,Sorrento F21L,dc25eaa9-11d3-4176-8033-a37062c5ec0d,0,22,26,90,56,16,TRUE,enabled,connected,34.35814429,-118.4166196
2014-03-15:10:10:24,Sorrento F21L,5aed4b01-2b80-4d93-8f0d-9db303fa1db2,0,20,72,39,43,51,TRUE,enabled,enabled,37.88754924,-122.0021504
2014-03-15:10:10:24,Sorrento F23L,b8ca28b6-f004-4838-ac33-35cc91bfdb9e,1,27,33,71,20,14,TRUE,connected,enabled,38.48387128,-121.9693588
2014-03-15:10:10:24,Sorrento F30L,1069a040-1a86-47c4-b724-e29b6a14d592,0,10,51,94,7,56,TRUE,enabled,enabled,34.23896819,-117.5144582
2014-03-15:10:10:24,Sorrento F32L,446984e4-1cc7-4731-bf03-a446ebf7e3e7,0,15,38,99,48,40,TRUE,enabled,enabled,34.0097787,-111.8355563
2014-03-15:10:10:24,Sorrento F33L,25cdf595-500b-4f37-b5ad-0bd96d7a5e7b,0,14,73,68,34,25,TRUE,enabled,connected,36.32938897,-119.0849721
2014-03-15:10:10:24,Sorrento F41L,9413e4a2-cb7d-4a54-ba05-57bde020465e,3,15,45,34,63,37,TRUE,connected,enabled,35.60419806,-111.6906698
2014-03-15:10:10:24,Sorrento F41L,f04c4eb9-a153-47af-92f2-baf1fa05addc,10,29,63,69,86,22,TRUE,disabled,enabled,40.22376878,-122.2423088
2014-03-15:10:10:24,Sorrento F41L,5ad8f623-1d72-4fd1-be21-d6e239b7e61f,5,16,65,80,89,46,TRUE,enabled,connected,39.02128453,-121.1098466
2014-03-15:10:10:24,Sorrento F41L,76352a44-374c-41af-b2da-39359e6d2634,4,17,20,49,80,12,TRUE,enabled,enabled,34.8351866,-111.3076984
2014-03-15:10:10:24,Sorrento F41L,5f49c49b-cf69-4671-8611-dde9791090d6,10,32,41,58,57,20,TRUE,connected,enabled,36.44628159,-114.8498965
2014-03-15:10:10:24,Sorrento F41L,a80a3912-5866-413c-bfd5-35040579a153,5,16,32,64,79,67,TRUE,enabled,connected,33.75559706,-111.7928299
2014-03-15:10:10:24,Sorrento F41L,2628c452-5661-43ce-8509-4643f73da015,4,12,30,56,86,1,TRUE,enabled,connected,39.49353887,-114.4575215
2014-03-15:10:10:24,Sorrento F41L,c306bd5c-751d-4b17-9250-5f0e2b8725ea,7,28,71,65,60,6,TRUE,enabled,enabled,34.11912631,-117.9365869
2014-03-15:10:10:24,Sorrento F41L,92a6c328-fb02-4124-85c6-b5151208ef66,5,14,34,59,47,10,TRUE,connected,connected,34.56877866,-119.4986497
2014-03-15:10:10:24,Titanic 1100,babea6e1-7cdd-4ca7-abdc-46fbfd7b0719,73,83,5,30,30,0,TRUE,enabled,disabled,45.7215505,-122.7147324
2014-03-15:10:10:24,Titanic 1100,ff9c0cb6-3deb-4dbc-89ec-5bebabd68444,73,35,40,20,29,1,TRUE,connected,connected,36.93178141,-119.5333384
2014-03-15:10:10:24,Titanic 1100,a094b740-3b95-434b-9c8d-ec70cc4ab5fc,37,74,56,40,19,1,TRUE,connected,connected,36.99712767,-119.5268521
2014-03-15:10:10:24,Titanic 1100,b4063358-9b00-458a-996b-9ca3c982c1c9,22,45,29,64,21,0,TRUE,disabled,enabled,34.18805144,-118.0645703
2014-03-15:10:10:24,Titanic 2000,ed1004a7-17ac-4050-9c2e-615e1604b376,74,55,17,5,34,0,TRUE,enabled,connected,37.78373211,-122.2155647
2014-03-15:10:10:24,Titanic 2000,b210cf18-495e-4f90-b76c-1339f6550abb,49,41,41,8,12,0,TRUE,enabled,enabled,36.57166427,-120.7103328
2014-03-15:10:10:24,Titanic 2000,08473a60-920a-4809-8d2a-132f7c40687e,94,51,22,17,14,0,TRUE,disabled,connected,45.63070586,-122.9690971
2014-03-15:10:10:24,Titanic 2100,95c1e72d-7d14-47fa-8d04-936aa3430e89,37,55,16,12,33,1,FALSE,enabled,enabled,0,0
2014-03-15:10:10:24,Titanic 2100,2c5f14de-8ee4-4363-9ea4-b68f3796bdac,87,92,49,38,19,0,TRUE,disabled,enabled,45.82116281,-121.8399984
2014-03-15:10:10:24,Titanic 2500,092438e5-50cd-483d-90dd-e1e61e9f4088,40,30,32,55,34,0,TRUE,disabled,connected,35.46724708,-117.7638287
2014-03-15:10:10:24,Titanic 4000,3d88c332-61fa-46f0-a171-84a8b02dd52a,66,67,45,40,13,0,TRUE,connected,enabled,34.53127712,-117.6362519
2014-03-15:10:10:24,Titanic 4000,c9b5d5d4-19a2-4259-bff7-e915d967d3f4,86,65,49,25,20,0,TRUE,disabled,enabled,37.99488921,-121.8749207
2014-03-15:10:10:25,iFruit 3,8c8ec306-2950-46d8-b74b-3cb75ff16e5f,0,18,40,34,69,21,TRUE,enabled,enabled,37.43614664,-122.0094178
2014-03-15:10:10:25,iFruit 5,8415d2e6-824a-424d-8675-0afbcbca2d4c,0,22,53,38,4,15,FALSE,enabled,enabled,0,0
2014-03-15:10:10:25,MeeToo 1.0,bb84191e-736c-4e46-a45a-dd92dedc0818,1,23,24,90,66,9,TRUE,disabled,enabled,38.86495618,-122.9635596
2014-03-15:10:10:25,MeeToo 2.0,32fd8e8c-a3ea-4ae0-86fa-2964f0b2f25a,0,21,55,80,7,56,TRUE,connected,connected,34.04612904,-117.6480906
2014-03-15:10:10:25,MeeToo 2.0,7d0d3828-6ec3-413f-8deb-6e6b08744faf,0,25,66,74,59,24,TRUE,enabled,enabled,45.75573837,-122.8330693
2014-03-15:10:10:25,MeeToo 2.0,a8a28bde-3cf9-4b84-8861-a1bb731ffdd9,2,34,87,60,1,32,TRUE,enabled,enabled,34.68907209,-119.7380592
2014-03-15:10:10:25,MeeToo 3.1,6aa1b564-084e-42f3-9a6f-e0e67de82d0d,0,23,69,70,51,53,TRUE,enabled,enabled,36.21818275,-119.0605002
2014-03-15:10:10:25,MeeToo 5.0,1faaf77a-91b6-4a09-a2fa-d510523beea5,1,34,76,78,67,10,TRUE,enabled,disabled,42.8532329,-122.6733694
2014-03-15:10:10:25,Ronin Novelty Note 1,10d6488d-71a5-45a5-bfb7-19c7e5cc247f,0,11,60,87,66,29,TRUE,connected,enabled,38.35752221,-122.0004064
2014-03-15:10:10:25,Ronin Novelty Note 1,95b553e2-7aaf-4afa-b19d-ca20ed7b8107,0,17,92,33,14,58,TRUE,disabled,enabled,34.13478147,-117.3327568
2014-03-15:10:10:25,Ronin Novelty Note 2,6384240f-f4a6-48f6-bca6-77eafbf3aee1,0,14,95,42,33,28,TRUE,enabled,connected,36.13261004,-114.656157
2014-03-15:10:10:25,Ronin Novelty Note 3,1927dd9e-0b37-46ff-ae67-7125c32fbba5,1,22,44,57,39,13,TRUE,enabled,disabled,38.58915934,-122.3835064
2014-03-15:10:10:25,Ronin S1,b707f889-4d8f-48b6-aebd-02278196d383,0,28,59,46,41,4,TRUE,enabled,enabled,38.07540075,-119.6102854
2014-03-15:10:10:25,Ronin S2,680803d1-40f2-410f-bfa0-3859e8eb449d,1,29,89,55,20,62,TRUE,disabled,enabled,36.30230731,-113.783726
2014-03-15:10:10:25,Ronin S4,6f24ee8d-372f-426e-9abe-839c86e6624c,0,11,36,67,61,43,TRUE,connected,enabled,35.36308739,-117.7214897
2014-03-15:10:10:25,Sorrento F00L,74d1888a-365c-4267-bfcb-ac0a4545a0bb,1,25,70,95,46,42,TRUE,enabled,enabled,33.90967277,-118.2830539
2014-03-15:10:10:25,Sorrento F11L,6697fa3e-9b96-4048-9c2d-727cad56bd40,0,15,72,83,1,13,TRUE,disabled,disabled,38.04576978,-121.9036355
2014-03-15:10:10:25,Sorrento F20L,9f60c1a3-d6e7-4489-b1f3-18950f7b2bcb,1,25,89,69,59,38,TRUE,enabled,enabled,34.57337441,-118.1806862
2014-03-15:10:10:25,Sorrento F22L,888bae88-f777-47df-bd1b-55f4c1b2e847,1,26,32,46,43,56,TRUE,connected,connected,45.87564852,-123.0560904
2014-03-15:10:10:25,Sorrento F23L,50fdca69-9982-4ad6-9d27-a5b5e273df27,0,33,39,81,57,45,TRUE,disabled,enabled,36.46738903,-120.7047361
2014-03-15:10:10:25,Sorrento F31L,b7709317-c85b-47a5-917d-5b082d49a53b,0,16,22,56,20,40,TRUE,enabled,enabled,39.51951516,-119.6035356
2014-03-15:10:10:25,Sorrento F33L,ca75babe-1dc8-45dd-871a-1ace88699376,1,24,90,53,67,57,TRUE,connected,enabled,36.31092326,-114.7902306
2014-03-15:10:10:25,Sorrento F41L,242a6275-a6c9-4b1f-a80e-6b31a9dba1f8,12,33,73,57,40,9,TRUE,enabled,enabled,36.53355058,-114.8974848
2014-03-15:10:10:25,Sorrento F41L,822fc65b-0aeb-4a26-857e-9e7c5aaf61e0,10,31,37,33,95,65,TRUE,disabled,enabled,34.50224907,-117.6581345
2014-03-15:10:10:25,Sorrento F41L,bf95f479-722f-4409-8c2b-c85025dee382,8,21,48,91,85,63,TRUE,enabled,enabled,33.74123208,-111.976067
2014-03-15:10:10:25,Sorrento F41L,69ba0758-f219-4bf6-8f79-92476ed87924,5,16,24,71,51,13,TRUE,disabled,enabled,37.88411626,-121.408556
2014-03-15:10:10:25,Sorrento F41L,8be4ede2-d235-44eb-95b1-7321b23993d1,11,34,44,35,96,22,TRUE,enabled,enabled,36.4904208,-121.0786881
2014-03-15:10:10:25,Sorrento F41L,03571e21-1df0-4897-b360-87fd245d103d,7,23,62,66,78,34,TRUE,disabled,enabled,33.21007427,-116.5291524
2014-03-15:10:10:25,Sorrento F41L,34b184ad-bb0f-46d7-b4e0-bfa6be288787,8,31,70,31,64,50,TRUE,connected,disabled,35.82222307,-120.2313427
2014-03-15:10:10:25,Sorrento F41L,ea72f7eb-3e7a-443c-b058-8afbe6eb27a2,7,24,62,86,87,32,TRUE,disabled,connected,34.63760082,-119.5666409
2014-03-15:10:10:25,Sorrento F41L,497e8662-6ebf-4ea4-8ca5-1c886a3dbc28,5,20,20,78,40,67,TRUE,enabled,enabled,34.14549399,-117.3009503
2014-03-15:10:10:25,Sorrento F41L,9c279a07-f593-43ac-8dd2-d6a2c16ba4b9,7,23,38,74,57,63,TRUE,connected,connected,35.15706681,-114.1996081
2014-03-15:10:10:25,Titanic 1100,78a9f9c7-e502-4b9a-b7f2-3dee0cc99d46,52,55,41,18,18,0,TRUE,connected,enabled,34.23830778,-117.6511964
2014-03-15:10:10:25,Titanic 1100,b8ccd17e-5bfa-43ac-bf29-98bee791ec3e,47,48,9,36,31,1,FALSE,disabled,enabled,0,0
2014-03-15:10:10:25,Titanic 1100,1620d616-421d-40d8-8c64-75b76e8980ad,98,97,1,6,27,1,TRUE,disabled,enabled,41.98660073,-124.1040682
2014-03-15:10:10:25,Titanic 1100,9c3c3d96-a01c-4ce5-9a6c-284d1ba39f7a,54,87,34,13,17,0,TRUE,disabled,enabled,35.7147416,-120.3683437
2014-03-15:10:10:25,Titanic 1100,01bd91e0-21ea-42f3-b64b-d886e40af3ac,80,55,18,39,17,1,TRUE,enabled,enabled,34.04002476,-118.1303927
2014-03-15:10:10:25,Titanic 1100,87b153da-d095-4f1e-97a6-7bdbbdec7e06,57,58,61,7,21,1,TRUE,enabled,enabled,34.9643578,-115.5669922
2014-03-15:10:10:25,Titanic 2100,6080ba7c-d34b-4dd9-b725-71a6c8680118,76,57,40,66,27,0,TRUE,enabled,connected,37.79096967,-121.6352731
2014-03-15:10:10:25,Titanic 2100,2efb2ab7-3306-4102-981b-54221773b6ad,51,63,18,37,28,0,TRUE,connected,connected,45.21768463,-117.7484368
2014-03-15:10:10:25,Titanic 2400,962f587c-7645-4ba0-a028-409251ea286a,20,81,37,41,30,1,TRUE,connected,enabled,39.06542441,-121.3021763
2014-03-15:10:10:25,Titanic 2500,72cd3b04-d84b-425c-8818-c59e328f9f59,50,71,9,40,11,0,TRUE,disabled,disabled,40.03096317,-122.4617228
2014-03-15:10:10:26,iFruit 3,39f94afa-22b9-4640-91db-4ec9de09b840,0,23,84,41,42,9,TRUE,enabled,disabled,38.19962057,-119.8171733
2014-03-15:10:10:26,iFruit 3,2bbc5257-8bd3-4111-82f2-76e0ccc0dd52,0,12,69,49,64,12,TRUE,disabled,connected,34.35679366,-118.2516357
2014-03-15:10:10:26,iFruit 3A,1b8283a7-422d-436a-a2d9-07f7bbef518c,0,19,85,74,1,36,TRUE,enabled,connected,38.83442723,-121.2063288
2014-03-15:10:10:26,iFruit 4,1122c3e2-3ac5-4a1a-a708-a97f94f6083e,1,31,23,42,1,43,TRUE,enabled,enabled,33.59208759,-111.8529518
2014-03-15:10:10:26,iFruit 4A,605236d1-d23a-48f8-a4c0-41c27ad16607,0,17,53,37,56,12,TRUE,disabled,connected,33.62251014,-111.3081387
2014-03-15:10:10:26,iFruit 4A,89280c2f-6ce2-4cd8-8a6d-ff34001bd543,0,20,87,80,7,0,TRUE,enabled,disabled,39.50638696,-119.7266834
2014-03-15:10:10:26,MeeToo 1.0,f873a4ff-baa8-4407-8439-578aa7a1b01b,1,19,72,33,19,52,TRUE,enabled,enabled,34.98375175,-111.7574729
2014-03-15:10:10:26,MeeToo 2.0,0a33cee6-56be-4ad6-8070-9de92224eaec,0,17,27,32,14,10,FALSE,disabled,enabled,0,0
2014-03-15:10:10:26,MeeToo 3.0,10c2d6b8-4a7d-4b22-8aaa-01037f388e4a,0,25,79,60,2,10,TRUE,enabled,connected,36.62792155,-115.0772486
2014-03-15:10:10:26,MeeToo 3.1,1990482b-5412-45ed-ac00-799a3d5ef89a,0,14,43,97,11,20,TRUE,enabled,enabled,37.10630283,-121.7763322
2014-03-15:10:10:26,MeeToo 4.0,054908a7-0b65-4ea0-8649-a2ed2b11ed48,0,32,83,58,48,39,TRUE,enabled,enabled,34.30033292,-118.3280661
2014-03-15:10:10:26,Ronin Novelty Note 2,ee068fb5-6c7a-4dd5-9df8-ce92a98a6f6c,1,17,72,97,10,68,TRUE,disabled,connected,34.58749481,-117.9828665
2014-03-15:10:10:26,Ronin Novelty Note 2,825f0887-ecd4-4567-9649-aeaa4efe6517,1,25,24,30,53,6,TRUE,enabled,connected,39.08422185,-121.0229519
2014-03-15:10:10:26,Ronin S1,63857c76-fc50-4462-8286-1f94f227c802,0,20,73,63,42,12,TRUE,enabled,enabled,32.74441906,-116.9752728
2014-03-15:10:10:26,Ronin S1,1530e986-839e-4185-8557-9e32e1ccdcfe,0,26,60,66,58,39,TRUE,enabled,enabled,36.51696696,-114.9718531
2014-03-15:10:10:26,Sorrento F00L,d25c5a6b-1f1f-4823-bbc5-3a31be33d928,1,33,91,62,52,17,TRUE,connected,enabled,32.86860822,-116.7399748
2014-03-15:10:10:26,Sorrento F01L,73218515-099b-49c9-acc0-2cada2f03387,0,17,71,87,28,11,TRUE,enabled,enabled,32.38370856,-111.7074732
2014-03-15:10:10:26,Sorrento F20L,e2464d1a-c8de-4e45-a678-d821b308fd37,1,30,75,81,34,64,TRUE,disabled,enabled,34.04704008,-117.8533606
2014-03-15:10:10:26,Sorrento F21L,c23900f6-60e2-48e1-9b3a-072484c2973f,0,16,48,98,19,1,TRUE,enabled,enabled,34.3328057,-118.0016056
2014-03-15:10:10:26,Sorrento F24L,6c533101-f37c-43cb-8cfb-6c574d8c9fc1,0,19,42,71,33,62,TRUE,disabled,enabled,37.51656617,-121.6414556
2014-03-15:10:10:26,Sorrento F30L,e97a87f5-12b7-46fb-ae83-a5ef89f1320a,0,11,92,70,60,42,TRUE,disabled,connected,37.5175885,-121.8562165
2014-03-15:10:10:26,Sorrento F31L,31e9ac37-6cdd-42af-b055-68a9fa9dbc21,0,31,91,79,64,14,TRUE,connected,connected,45.88705539,-122.9137183
2014-03-15:10:10:26,Sorrento F41L,ece2c3cf-a22d-4cee-a922-4d2e04cfd90e,5,23,59,75,52,45,TRUE,enabled,connected,37.04784113,-119.222575
2014-03-15:10:10:26,Sorrento F41L,12353b84-34ed-4cf9-8446-b465a3c47903,7,28,72,98,61,8,TRUE,enabled,enabled,36.4049854,-113.7565413
2014-03-15:10:10:26,Sorrento F41L,87416dcf-fcbc-4e75-ba9d-023b09a971c5,10,26,46,85,48,55,TRUE,disabled,enabled,37.49904717,-122.2172944
2014-03-15:10:10:26,Sorrento F41L,bbf7f99c-c274-4f0f-be70-0e89bff260e2,4,12,39,69,99,67,TRUE,disabled,enabled,34.3744905,-117.8895635
2014-03-15:10:10:26,Sorrento F41L,93032079-2765-4099-b795-958fd51b5acb,6,20,67,86,87,36,TRUE,enabled,enabled,36.35090929,-119.1739134
2014-03-15:10:10:26,Sorrento F41L,baca5776-d1b9-4b90-90e2-e518a1bebb35,10,26,62,71,77,66,TRUE,enabled,enabled,36.39323661,-114.694562
2014-03-15:10:10:26,Sorrento F41L,c1110a4c-38d2-4ee8-99e8-09df67f337a7,7,34,27,45,73,34,TRUE,enabled,enabled,34.46672571,-117.9225577
2014-03-15:10:10:26,Sorrento F41L,060a5888-ebb4-4fd4-b67d-3ddfe65bf683,6,27,29,79,44,36,TRUE,enabled,connected,37.87906978,-122.080854
2014-03-15:10:10:26,Sorrento F41L,fae9a09e-3cbd-4d0d-99a4-cb529f393612,4,18,58,58,87,47,TRUE,connected,connected,45.12210076,-117.9177195
2014-03-15:10:10:26,Sorrento F41L,0c2dd45f-3099-4212-9d95-548d859b914b,6,17,33,83,56,26,TRUE,connected,enabled,34.43181739,-117.5306279
2014-03-15:10:10:26,Sorrento F41L,3fcf4d67-bf64-46ee-8954-94f2acbc7e83,5,19,64,45,51,46,TRUE,enabled,enabled,34.65002142,-118.1553429
2014-03-15:10:10:26,Sorrento F41L,64b3b220-c725-4a16-b62c-92fc1c324d3e,9,33,22,62,90,67,TRUE,disabled,disabled,34.24398163,-118.146778
2014-03-15:10:10:26,Titanic 1000,c3b90e9f-49c5-4245-a546-2ded0af006f6,56,94,5,50,26,1,TRUE,connected,enabled,38.29791296,-121.8934266
2014-03-15:10:10:26,Titanic 1000,e4df275c-5e75-49d1-b225-65c9bae264a1,67,41,44,24,34,1,TRUE,enabled,enabled,38.26732697,-122.2328237
2014-03-15:10:10:26,Titanic 1100,e270f4a2-863b-4686-8b23-d6b46f4a18bf,60,47,54,45,32,0,TRUE,enabled,enabled,34.62148243,-118.3337966
2014-03-15:10:10:26,Titanic 2000,bbbde744-f799-4a62-acbe-b636d33e7a91,95,36,13,6,10,0,TRUE,disabled,connected,34.38459584,-117.9117849
2014-03-15:10:10:26,Titanic 2100,971abfcd-0088-418c-bb62-c7f88119d8eb,63,54,25,42,22,1,TRUE,connected,enabled,34.82872993,-118.411697
2014-03-15:10:10:26,Titanic 2300,d550d08f-6c7e-4bde-abcb-2965709bef9e,61,33,4,19,27,1,TRUE,enabled,connected,37.95417174,-122.5176227
2014-03-15:10:10:26,Titanic 2500,89ee8889-a973-4031-a993-8e9ef0d4ff69,82,37,22,34,10,0,TRUE,connected,connected,33.90936216,-117.7679639
2014-03-15:10:10:26,Titanic 4000,54994404-ab72-4e5f-a6bc-0d485b3806f2,93,42,0,21,14,0,TRUE,enabled,enabled,35.48261203,-117.5191765
2014-03-15:10:10:27,iFruit 3,3d21e2b3-52bb-4c3f-bcf7-32a4b8f80b1e,0,12,54,90,62,45,TRUE,enabled,connected,33.66759963,-112.0405968
2014-03-15:10:10:27,iFruit 5,5ee83039-0aeb-4f1e-9d99-1f9e641c5152,1,29,65,87,63,41,TRUE,connected,enabled,36.24740105,-114.8735337
2014-03-15:10:10:27,MeeToo 1.0,a8569e2e-cb41-4ba6-9d1d-efeaada53951,0,28,60,40,31,47,TRUE,connected,connected,34.54436299,-118.2462561
2014-03-15:10:10:27,MeeToo 2.0,d1f0c28f-4c27-40c0-9f7d-23196b64dc5d,1,20,46,98,0,49,TRUE,connected,enabled,39.60647042,-120.5665077
2014-03-15:10:10:27,MeeToo 2.0,e8b73fd3-175f-4603-b0c0-214ae200acf4,1,27,56,81,58,30,TRUE,enabled,enabled,34.19679043,-117.3132009
2014-03-15:10:10:27,MeeToo 3.0,774aad39-0993-495d-aa2c-f6cb2d90ef67,1,31,83,48,41,67,TRUE,connected,connected,39.89880709,-122.2292434
2014-03-15:10:10:27,MeeToo 4.1,1201b811-70c7-4b88-8009-0f2ebfaba02e,1,22,27,42,46,40,TRUE,enabled,enabled,34.53206161,-119.4188538
2014-03-15:10:10:27,MeeToo 5.1,6c8a8962-d176-4fd4-baf5-80f797ff7edc,0,24,83,85,13,61,TRUE,enabled,enabled,42.72873992,-122.7433463
2014-03-15:10:10:27,Ronin Novelty Note 1,44d8b8c8-bc68-4dc4-b33c-003131cf19b1,1,29,33,76,18,36,TRUE,enabled,enabled,38.17964864,-122.0221468
2014-03-15:10:10:27,Ronin Novelty Note 2,3a5b9aa0-e641-442a-994f-c853285c94ec,0,25,22,37,43,25,TRUE,disabled,enabled,34.79544323,-118.3024684
2014-03-15:10:10:27,Ronin S1,3a142c8e-6b50-4091-a39f-fd4c248bd3bf,0,18,29,98,40,62,TRUE,enabled,enabled,37.49711341,-121.8631219
2014-03-15:10:10:27,Ronin S2,1a7eadcd-ac8b-451d-a906-a810a90602a1,1,26,62,41,3,15,TRUE,enabled,enabled,37.87726572,-119.7490752
2014-03-15:10:10:27,Sorrento F00L,1df8ffec-192a-4cd1-91cb-8cd6edc6c38e,1,31,33,43,53,9,TRUE,connected,connected,36.47678978,-114.5981764
2014-03-15:10:10:27,Sorrento F00L,38650442-7980-40cd-b3be-d7b2826b1f57,0,19,24,65,63,47,TRUE,enabled,disabled,38.98388636,-121.1095961
2014-03-15:10:10:27,Sorrento F01L,456833c0-4bdd-4e01-bc1e-67e5d425d785,0,10,71,40,8,34,TRUE,disabled,connected,33.03374898,-116.51128
2014-03-15:10:10:27,Sorrento F10L,bc4555a4-10b9-4b3b-bdaf-6b70c7194d26,1,27,67,81,10,24,TRUE,enabled,enabled,34.60406412,-118.3575293
2014-03-15:10:10:27,Sorrento F11L,ad3a6cf1-7ff2-4128-98e5-46e6a75d779a,1,21,46,61,44,11,TRUE,connected,connected,34.43440821,-116.5114461
2014-03-15:10:10:27,Sorrento F20L,b55a5edb-8921-402b-9a3d-1b2611a4d7dc,0,21,73,97,22,47,TRUE,disabled,disabled,38.81308688,-120.9170218
2014-03-15:10:10:27,Sorrento F24L,c543f803-51c0-4b29-b8e5-b5d7db9e8dc2,0,32,90,36,69,57,TRUE,enabled,enabled,36.49621871,-120.6558209
2014-03-15:10:10:27,Sorrento F24L,1c857bd4-0181-4509-927f-a8bf55cd58c4,0,20,37,38,19,62,TRUE,disabled,enabled,34.10476952,-112.0174418
2014-03-15:10:10:27,Sorrento F30L,7f28a175-e2c2-4d9a-905e-1f46411f33b8,1,21,77,45,62,8,TRUE,disabled,disabled,34.83828022,-114.2037406
2014-03-15:10:10:27,Sorrento F31L,5cbc104d-0cc6-4c13-8823-f78de7576c60,0,10,55,62,17,51,TRUE,enabled,connected,33.14945443,-116.6587212
2014-03-15:10:10:27,Sorrento F33L,c8787f1c-e525-4237-8ed8-6f2e11f2b3d5,1,20,80,55,1,28,TRUE,disabled,disabled,39.41480939,-114.4943424
2014-03-15:10:10:27,Sorrento F33L,0dad6e6a-f2b9-43a9-b0a9-0fc1c2621c2b,0,33,74,81,44,28,TRUE,disabled,enabled,37.11729707,-121.973804
2014-03-15:10:10:27,Sorrento F41L,118c905f-cd90-40e0-8dba-37363f7429fb,8,32,34,65,73,9,TRUE,connected,connected,45.84295297,-122.7599408
2014-03-15:10:10:27,Sorrento F41L,f6b7e3a3-6cce-4c56-b82e-7477a5ad9111,10,33,70,61,48,38,TRUE,connected,enabled,36.82383599,-119.1648432
2014-03-15:10:10:27,Sorrento F41L,d532753f-e37b-4831-8aa1-fc21b1c0f3c8,7,33,58,76,65,69,TRUE,disabled,connected,37.25350539,-121.6901487
2014-03-15:10:10:27,Sorrento F41L,420544ae-17b8-4665-a9aa-cc34ae7487f0,3,14,38,58,80,34,TRUE,connected,connected,36.13842515,-114.7342673
2014-03-15:10:10:27,Sorrento F41L,13b48442-749e-4341-9392-d3b91dd2f994,8,32,36,84,73,24,TRUE,disabled,disabled,38.27322391,-122.4719298
2014-03-15:10:10:27,Sorrento F41L,19c47c6c-33ec-43c9-9eed-85789ffc5f66,6,31,61,79,45,46,TRUE,enabled,connected,38.78737212,-121.1894844
2014-03-15:10:10:27,Sorrento F41L,4dd01cc3-7fb8-4e36-a781-2180f5069eff,3,13,73,72,81,43,TRUE,enabled,connected,34.22864079,-117.7523847
2014-03-15:10:10:27,Sorrento F41L,e8c8ecb1-6cdd-4832-89f9-9e7a2c59c3e7,3,12,40,45,69,9,TRUE,disabled,disabled,37.41838091,-121.6494755
2014-03-15:10:10:27,Sorrento F41L,b5cfeb49-ea7b-41b2-9a5e-091490ea0127,3,11,32,41,81,65,TRUE,disabled,enabled,34.02708114,-108.6823955
2014-03-15:10:10:27,Sorrento F41L,034a3f07-3ed7-45bd-a318-ff2c3eb47d47,5,21,50,78,94,35,TRUE,enabled,enabled,34.07493581,-111.7693637
2014-03-15:10:10:27,Titanic 1000,4d5863bd-7865-4f1d-9cb6-7ddd8601f593,41,79,22,39,25,1,TRUE,connected,enabled,44.45742187,-123.18353
2014-03-15:10:10:27,Titanic 1000,cdf96815-65f0-442f-a4f8-3b1e88244548,38,70,37,39,12,0,TRUE,enabled,enabled,34.06570622,-117.9302609
2014-03-15:10:10:27,Titanic 1100,c5cff25c-43d7-4250-a46c-0015cd0822b6,58,54,33,27,25,1,TRUE,enabled,enabled,39.57150728,-114.4725119
2014-03-15:10:10:27,Titanic 2000,4b66f9d4-4ab0-4347-a0ec-aade9c5c6a86,83,39,21,44,28,1,TRUE,enabled,enabled,37.55887576,-122.12835
2014-03-15:10:10:27,Titanic 2100,c58a3a77-c397-4279-b2ed-209b3cab0aa5,59,74,34,65,24,0,TRUE,enabled,connected,34.71051297,-119.4380921
2014-03-15:10:10:27,Titanic 2100,c8e2c499-3a76-4a1e-bd89-7f37ec51a3e8,52,84,68,17,10,0,FALSE,enabled,enabled,0,0
2014-03-15:10:10:27,Titanic 2500,98098ab4-6004-40e1-a1e7-bed6c8d5b9f8,62,55,53,21,25,0,TRUE,enabled,disabled,36.3401696,-120.7356101
2014-03-15:10:10:27,Titanic 3000,88d7ae98-eab9-4785-bb9f-c74a4104eff8,94,90,58,30,20,0,TRUE,enabled,connected,34.61037092,-118.7741732
2014-03-15:10:10:28,iFruit 1,93df0adb-b626-4f33-a710-0837c3b39177,1,27,58,51,61,29,TRUE,disabled,enabled,34.62253929,-118.0805885
2014-03-15:10:10:28,MeeToo 1.0,16c2248c-6f16-44c9-ae5d-0cd957bd42b9,1,26,79,83,68,31,TRUE,disabled,connected,36.39698196,-120.8619712
2014-03-15:10:10:28,MeeToo 2.0,3e94a203-3236-43d8-acdd-092b5a656e0c,0,10,83,57,49,52,TRUE,enabled,connected,33.91940863,-117.8607418
2014-03-15:10:10:28,MeeToo 3.0,f7edf502-1886-4188-89c1-0dd0aa696a04,1,24,73,75,44,25,TRUE,disabled,enabled,45.38921306,-117.4780987
2014-03-15:10:10:28,MeeToo 3.1,dde0664b-0d18-4d25-a576-79a6293802d7,1,29,96,51,69,33,TRUE,connected,enabled,34.43279054,-117.8785433
2014-03-15:10:10:28,MeeToo 3.1,58ef8e42-ef0f-403c-848f-3377f1622ebe,0,10,81,57,33,67,TRUE,connected,connected,32.09421591,-111.4731837
2014-03-15:10:10:28,MeeToo 5.1,8a9d4e3c-4cfe-4e20-8d7a-cc234d06e5df,0,10,85,37,46,29,TRUE,disabled,disabled,35.54289679,-120.3075398
2014-03-15:10:10:28,Ronin S2,ecce6f12-b212-4c98-ac94-a5f0778594df,1,20,44,98,28,43,TRUE,disabled,enabled,38.29454521,-121.9981566
2014-03-15:10:10:28,Sorrento F00L,22788bc2-4d7e-4638-bd74-987e32b40070,1,17,74,99,62,36,TRUE,enabled,enabled,33.88868109,-118.1863495
2014-03-15:10:10:28,Sorrento F00L,67fb4339-2ce4-4ad4-b003-dfd813906e82,1,24,92,75,13,30,TRUE,enabled,enabled,33.90470558,-117.8957925
2014-03-15:10:10:28,Sorrento F00L,74c0a42d-7c00-48f2-8c06-25c33f77f2d6,1,31,50,84,41,60,TRUE,connected,enabled,38.70782953,-121.2883847
2014-03-15:10:10:28,Sorrento F00L,ec7e6753-c11b-4f54-8a71-8295d7866366,0,25,74,68,5,31,TRUE,enabled,enabled,38.1986251,-122.2920438
2014-03-15:10:10:28,Sorrento F00L,5ed42bc1-57c8-4ed8-92b2-108b7b6787cf,0,32,95,37,69,19,TRUE,enabled,disabled,33.18080132,-116.9301117
2014-03-15:10:10:28,Sorrento F00L,922ce9b9-92f0-464e-a2de-32480bdafe52,0,20,82,85,38,53,TRUE,enabled,enabled,36.31612893,-119.0608004
2014-03-15:10:10:28,Sorrento F10L,67308ece-e9e3-41a6-8ca7-13c280894258,1,31,47,46,21,62,TRUE,disabled,disabled,45.0374996,-117.8479713
2014-03-15:10:10:28,Sorrento F11L,62e30f63-fd9e-4d45-be3b-da51ff743500,0,13,24,63,13,61,TRUE,disabled,enabled,42.2430014,-123.7138779
2014-03-15:10:10:28,Sorrento F21L,af049822-df0b-496c-b6ba-00c273c8fe3c,1,20,39,69,69,44,FALSE,disabled,enabled,0,0
2014-03-15:10:10:28,Sorrento F22L,b931bdb4-6e3b-4699-88f3-ab395ecbc13f,2,34,90,40,60,3,TRUE,enabled,connected,40.36491737,-122.4237219
2014-03-15:10:10:28,Sorrento F22L,189c4635-def8-4afc-a3c6-a2a06506077e,0,15,83,59,13,47,TRUE,disabled,enabled,37.54170641,-122.061814
2014-03-15:10:10:28,Sorrento F24L,f141aa72-f0ea-4e61-b2bc-1e1dabcc926f,0,30,22,97,34,68,TRUE,enabled,connected,39.49929635,-120.7539893
2014-03-15:10:10:28,Sorrento F31L,28cfa4f0-8635-46e5-b3e0-44b8126f215a,0,19,52,90,16,8,TRUE,disabled,connected,33.30182763,-108.8298802
2014-03-15:10:10:28,Sorrento F41L,cd0a0626-727d-47bd-b6e8-ee58f2c37831,12,32,32,34,80,64,TRUE,enabled,enabled,42.7551789,-122.6134354
2014-03-15:10:10:28,Sorrento F41L,c93af72c-d4ea-438e-9e00-6ea4bdf44d7f,10,34,27,93,78,25,TRUE,connected,enabled,35.61418831,-117.5470414
2014-03-15:10:10:28,Sorrento F41L,d05340d2-8df3-45f1-af55-e17a86977e1c,4,14,49,61,76,38,FALSE,enabled,connected,0,0
2014-03-15:10:10:28,Sorrento F41L,ae30df1c-788b-482a-8221-9a2201327b7c,4,20,44,60,82,58,TRUE,connected,connected,38.37444763,-122.0424373
2014-03-15:10:10:28,Sorrento F41L,059c124b-4e78-4ef3-9dd3-9561658ce8e8,5,18,35,83,86,62,TRUE,connected,enabled,36.91458092,-119.5428119
2014-03-15:10:10:28,Sorrento F41L,e2d4bd9b-2925-4b70-82dc-d85d108e4c8c,4,17,37,38,72,1,TRUE,connected,enabled,33.5431518,-111.292342
2014-03-15:10:10:28,Sorrento F41L,d6eeea76-037c-4795-898d-185dc27279c6,4,12,25,38,47,27,TRUE,enabled,enabled,44.6134954,-122.947535
2014-03-15:10:10:28,Sorrento F41L,e5abf5ce-12e3-4ed8-b16d-eb2834ba0ff8,7,23,52,62,79,23,TRUE,disabled,enabled,34.37136831,-118.0508095
2014-03-15:10:10:28,Sorrento F41L,a98febad-683c-4b96-9e50-9615418ce1a2,10,34,38,39,78,53,TRUE,disabled,connected,39.52211378,-120.6114338
2014-03-15:10:10:28,Titanic 1000,37c26a62-2ba7-42d8-97c8-6b6041769e4b,42,64,53,42,10,0,TRUE,enabled,disabled,33.5654729,-111.4701332
2014-03-15:10:10:28,Titanic 1000,1fca34a6-6ecc-47f6-aa4c-fe49bd2e9808,56,78,23,64,10,0,TRUE,enabled,enabled,45.28207939,-117.6534644
2014-03-15:10:10:28,Titanic 1000,e5acc2b2-dc4d-4353-8098-b263942cd8e4,95,62,11,69,10,0,FALSE,enabled,connected,0,0
2014-03-15:10:10:28,Titanic 1000,2125d719-7079-4f66-8319-4d33faf274a1,80,79,52,29,17,0,TRUE,disabled,enabled,37.94806524,-122.1626362
2014-03-15:10:10:28,Titanic 1100,327982ca-ef1d-4907-947c-1167d51320db,96,82,36,27,10,0,TRUE,enabled,connected,38.60361387,-120.8653741
2014-03-15:10:10:28,Titanic 1100,5b98ad9d-f1d2-4ee6-b78e-7d5113d3812b,74,31,46,50,31,1,TRUE,enabled,connected,38.19104084,-119.6643926
2014-03-15:10:10:28,Titanic 2000,1c099e45-71bc-4807-a1b9-6328d3cee13b,96,35,18,68,29,0,TRUE,connected,connected,32.99548593,-116.787541
2014-03-15:10:10:28,Titanic 2100,d538d118-0472-4e4b-8268-1bda9365b052,36,58,68,60,24,0,TRUE,connected,connected,36.0030255,-114.7550315
2014-03-15:10:10:28,Titanic 2200,cdaa1ecc-572c-4e08-ac36-9fd4d3c6b32d,96,56,49,48,11,0,FALSE,enabled,enabled,0,0
2014-03-15:10:10:28,Titanic 2200,8d431088-c262-4f26-8d2f-9fb558cc6242,87,86,12,61,14,0,TRUE,enabled,enabled,39.64885782,-120.5165197
2014-03-15:10:10:28,Titanic 3000,43005e95-2cd6-4257-b277-cc4fe93e8454,35,67,69,67,26,0,TRUE,enabled,connected,37.57779846,-121.6089182
2014-03-15:10:10:28,Titanic DeckChairs,ab490333-04dc-4954-889e-07158f0f5fca,30,45,37,13,20,0,TRUE,disabled,connected,34.01347032,-117.9324806
2014-03-15:10:10:29,iFruit 1,5aa621ef-7cfb-467e-afdc-e566c7e33d81,1,32,70,75,11,41,TRUE,enabled,disabled,33.11535,-116.3916129
2014-03-15:10:10:29,iFruit 1,dca64bb7-ba97-4a45-881f-97331f8fd203,0,23,77,80,17,23,TRUE,enabled,disabled,35.22889796,-115.6440367
2014-03-15:10:10:29,iFruit 2,197baa4e-bbcd-4a13-9d0f-3e09b46b5bf4,0,11,69,70,0,21,TRUE,enabled,connected,42.83842915,-122.7155327
2014-03-15:10:10:29,iFruit 2,6204a8bf-ef8b-4dc5-b2c7-a1b23ea13f91,0,25,31,95,61,25,TRUE,enabled,enabled,34.09029988,-117.4998306
2014-03-15:10:10:29,iFruit 4A,9ac5559e-34a7-4850-9e9e-3b199c339f58,1,32,64,77,29,19,TRUE,disabled,connected,33.4334609,-116.6358467
2014-03-15:10:10:29,MeeToo 1.0,b1900228-2e28-473b-b3bf-e33c237b8537,1,30,82,93,49,6,TRUE,enabled,enabled,35.98579579,-119.1902819
2014-03-15:10:10:29,MeeToo 1.0,161b447d-ed01-4d2f-8aa7-ef704b50c52e,2,30,30,33,51,64,TRUE,enabled,enabled,38.30157586,-122.1133247
2014-03-15:10:10:29,MeeToo 2.0,de466614-4c8b-42f6-afea-5b5aec25d590,0,11,31,94,33,69,TRUE,enabled,connected,39.13286223,-119.5860614
2014-03-15:10:10:29,MeeToo 3.0,aed55ed3-b719-4f80-bcb0-68763bf58dbc,1,27,27,88,11,23,TRUE,enabled,disabled,39.03759858,-121.1030308
2014-03-15:10:10:29,MeeToo 3.0,89d5741d-eab8-451b-8e72-3977e21edec8,0,11,95,57,50,7,TRUE,disabled,connected,34.61086083,-117.8415134
2014-03-15:10:10:29,MeeToo 3.0,4c0b71c7-a5ca-4b14-8115-cdb4b93fe91e,0,24,97,35,12,27,TRUE,enabled,connected,34.7706926,-116.1641215
2014-03-15:10:10:29,MeeToo 3.1,80e25672-8483-474c-a4cd-af0a1e97a612,1,26,70,57,4,40,TRUE,disabled,enabled,35.04874938,-114.4212374
2014-03-15:10:10:29,MeeToo 3.1,f37d9b8c-2347-41ff-b418-51fe9c11a7b6,1,33,25,61,47,31,TRUE,disabled,disabled,42.8400424,-122.6991555
2014-03-15:10:10:29,MeeToo 4.1,580ca023-a56e-4c57-96b6-fef0614453ce,0,34,95,75,29,16,TRUE,enabled,enabled,37.83818359,-119.8874036
2014-03-15:10:10:29,Ronin Novelty Note 1,805e4d3b-1123-4504-9465-ce16589667d0,1,34,65,64,11,20,TRUE,enabled,enabled,38.05485561,-122.1573006
2014-03-15:10:10:29,Ronin Novelty Note 4,99cc51c8-2e6d-4fd5-b3fc-fd5253988b8a,1,17,45,44,42,68,TRUE,enabled,enabled,37.15643242,-122.0535202
2014-03-15:10:10:29,Ronin S2,e63a8a4a-4bfe-482c-9fc4-9a58812f5a7f,0,17,25,46,34,34,TRUE,disabled,connected,33.68629717,-111.8364675
2014-03-15:10:10:29,Sorrento F00L,da96cc23-8473-4f31-8d05-8b345a54c115,0,29,33,50,0,41,TRUE,disabled,enabled,33.9619213,-117.9774379
2014-03-15:10:10:29,Sorrento F00L,e23079ad-c237-406c-a16a-980eb8fd1ada,0,15,42,39,51,59,TRUE,disabled,connected,34.2094741,-117.9026087
2014-03-15:10:10:29,Sorrento F00L,a961d53f-be79-4710-bacf-e5797e4174cf,0,11,27,77,12,44,TRUE,disabled,enabled,34.64626857,-117.9492357
2014-03-15:10:10:29,Sorrento F01L,5eaaed3f-8d58-4cf5-aecc-46a1808e047c,0,10,99,81,26,31,FALSE,enabled,connected,0,0
2014-03-15:10:10:29,Sorrento F01L,4acb2331-284b-4da0-8fd9-126d3a2d51f9,0,24,87,40,0,49,TRUE,disabled,enabled,38.02600833,-121.7541077
2014-03-15:10:10:29,Sorrento F10L,2657935e-1ed9-4375-9a54-1920adc83cdd,1,33,78,42,48,67,TRUE,enabled,disabled,33.28321725,-112.0048092
2014-03-15:10:10:29,Sorrento F10L,a3cc38d5-e7ee-49b2-aac4-a668eeed98a5,0,12,99,86,21,68,TRUE,connected,disabled,34.50062883,-118.1831298
2014-03-15:10:10:29,Sorrento F11L,727e4299-7549-4b51-9193-ab9b7272acfe,1,23,23,31,15,11,TRUE,enabled,connected,33.47927425,-116.6902816
2014-03-15:10:10:29,Sorrento F20L,8df31d93-1102-45c1-ae21-4c92dda12189,1,30,47,40,37,44,TRUE,connected,enabled,33.99537373,-118.0881988
2014-03-15:10:10:29,Sorrento F41L,fd487722-a422-4b3d-bdf3-ba09b82513ad,5,22,29,65,81,2,TRUE,enabled,enabled,34.22199827,-118.1017368
2014-03-15:10:10:29,Sorrento F41L,a5895234-9981-49a7-bc70-dd07e8f503b5,4,14,37,77,56,69,TRUE,enabled,enabled,39.28968352,-120.3208784
2014-03-15:10:10:29,Sorrento F41L,7f8a3162-a573-4121-b4c9-a29f48e9fbae,12,32,60,62,44,55,TRUE,enabled,enabled,34.27850028,-118.1003325
2014-03-15:10:10:29,Sorrento F41L,8bd739b9-3a8f-40f5-b9cf-5e30f241f5c9,2,14,42,51,44,27,TRUE,enabled,enabled,37.80538888,-121.4658063
2014-03-15:10:10:29,Sorrento F41L,a524d990-879e-4d41-8596-4c75a65354ef,9,24,22,70,77,47,TRUE,connected,connected,34.50842842,-118.1365568
2014-03-15:10:10:29,Sorrento F41L,e6155bc9-a6ae-4194-8abd-1ddeb36790a3,3,19,26,43,91,53,TRUE,enabled,enabled,45.05229168,-117.5713155
2014-03-15:10:10:29,Sorrento F41L,99a93ac5-19a6-4123-91f6-08c695d7b6e0,3,12,39,79,48,36,TRUE,enabled,enabled,39.18745066,-119.3960053
2014-03-15:10:10:29,Titanic 1100,ef495293-2910-4c33-96b0-9dc48ee1b8ee,38,85,36,69,20,0,TRUE,disabled,connected,33.83673574,-118.106017
2014-03-15:10:10:29,Titanic 1100,3f264a83-19c8-45ea-9dbb-c62034f438d3,28,39,20,47,24,1,TRUE,disabled,enabled,39.60769664,-121.1866533
2014-03-15:10:10:29,Titanic 2000,f6364645-3c38-49c1-aaec-ef08d4c1ec2a,50,99,45,8,20,0,TRUE,connected,enabled,34.70703506,-118.1673476
2014-03-15:10:10:29,Titanic 2100,49d48355-a02e-41a8-98c2-d8f3fc8d4833,47,63,24,60,13,0,TRUE,enabled,connected,42.71489365,-122.7495612
2014-03-15:10:10:29,Titanic 2200,ab301cae-07e2-47bb-9954-a72aabea49dd,50,99,30,17,31,1,TRUE,enabled,enabled,37.69740025,-121.848853
2014-03-15:10:10:29,Titanic 2200,6c598833-8cd0-4a26-9a5e-0024a70f6630,88,98,61,69,18,0,TRUE,enabled,enabled,34.33401613,-118.0395353
2014-03-15:10:10:29,Titanic 2200,912d0ec3-94ab-462e-8e34-718a2d1a4d4a,27,36,57,35,22,1,TRUE,connected,disabled,45.69786044,-122.9833512
2014-03-15:10:10:29,Titanic 2300,d83de62d-bb6b-44b3-8cae-e8aa3d30064e,83,74,2,59,34,1,TRUE,connected,enabled,38.03290299,-121.4271788
2014-03-15:10:10:29,Titanic DeckChairs,d528e960-1bcc-4969-bc00-646efe9b98aa,99,41,37,51,22,1,TRUE,connected,enabled,39.2848652,-119.6738103
2014-03-15:10:10:30,iFruit 1,f66ecd55-3961-4374-ae60-836d9b44ecb0,0,26,62,76,22,38,TRUE,disabled,enabled,45.6274803,-121.801912
2014-03-15:10:10:30,iFruit 2,d86fbaa6-b71b-435f-a0bf-5304a202a70b,1,25,35,64,65,40,TRUE,enabled,connected,34.24901634,-118.3605157
2014-03-15:10:10:30,iFruit 2,54318a39-cae9-4078-b1f6-2d8394357df1,2,30,30,78,2,9,TRUE,disabled,enabled,33.86874188,-117.3380579
2014-03-15:10:10:30,iFruit 3,41758a55-6070-4c41-98fa-0c946be84da4,0,19,27,53,22,24,FALSE,enabled,disabled,0,0
2014-03-15:10:10:30,MeeToo 1.0,de6b7b6b-5c01-4f88-948c-5733716ab410,0,10,91,35,42,27,TRUE,enabled,connected,32.89096457,-116.3432481
2014-03-15:10:10:30,MeeToo 3.1,c40a185a-4af2-4312-8666-2879549fabbb,0,29,46,69,64,48,TRUE,enabled,enabled,33.93427501,-117.4739381
2014-03-15:10:10:30,MeeToo 4.1,505a5af9-7c65-4a91-933a-7a6693e064c7,0,21,51,85,21,41,TRUE,enabled,connected,33.73318917,-108.9932647
2014-03-15:10:10:30,MeeToo 5.1,f0febb21-3899-4b47-8bfe-14f97372c300,0,19,25,34,25,36,TRUE,disabled,enabled,33.74713462,-111.7529636
2014-03-15:10:10:30,Ronin Novelty Note 3,b84cbdfb-38d5-4f26-8c7d-fcb7a565eb0d,0,34,74,39,43,43,TRUE,connected,enabled,42.75584491,-122.6666768
2014-03-15:10:10:30,Ronin S1,a48a5559-d916-481b-84a9-5dce6272cce1,1,29,50,48,50,52,TRUE,connected,enabled,37.91480618,-122.2635467
2014-03-15:10:10:30,Ronin S2,b13ece99-62ab-4c9f-a366-6a06bd5e877f,0,23,74,89,15,35,TRUE,disabled,connected,38.71892881,-121.2104767
2014-03-15:10:10:30,Ronin S2,579ea45e-ceec-414c-92c2-c8713a12d800,0,22,72,93,14,69,TRUE,enabled,connected,35.54476182,-117.5638093
2014-03-15:10:10:30,Sorrento F00L,fde887fa-df5d-42ac-bd32-6772dc8035c2,0,32,73,71,30,23,TRUE,enabled,enabled,34.20287613,-117.9908722
2014-03-15:10:10:30,Sorrento F10L,c5a72d60-2d16-4b35-b9aa-e70c6eae7716,1,20,34,77,35,25,TRUE,enabled,connected,38.02925801,-119.8742474
2014-03-15:10:10:30,Sorrento F10L,ef9f9934-d399-4fec-93d6-60e3d133d6d3,1,30,98,71,46,4,TRUE,enabled,connected,33.31478591,-109.1813156
2014-03-15:10:10:30,Sorrento F20L,077ea017-3de3-4f14-8964-56ab9c987bb5,0,26,67,49,36,39,TRUE,enabled,enabled,41.01742877,-119.1374482
2014-03-15:10:10:30,Sorrento F20L,0cd4a9e8-872f-43ed-a650-fb15b6047794,0,27,27,54,37,17,TRUE,enabled,disabled,39.66417683,-121.0183422
2014-03-15:10:10:30,Sorrento F22L,7c06751c-f692-473e-9143-9280594a9740,0,13,65,42,8,6,TRUE,enabled,connected,45.37971656,-117.8330336
2014-03-15:10:10:30,Sorrento F22L,40e61459-5448-4dc9-bb89-42e73a4e19cf,0,16,86,81,61,22,TRUE,enabled,enabled,39.61592641,-114.5546937
2014-03-15:10:10:30,Sorrento F23L,8de16ae7-541b-4241-8c7c-3e374fe9f8a5,1,26,87,38,4,20,TRUE,disabled,enabled,35.29862085,-115.6752236
2014-03-15:10:10:30,Sorrento F31L,c680ad45-b267-4d04-ab6b-23eccda2886e,0,11,65,56,41,53,TRUE,disabled,enabled,38.15553997,-120.0594457
2014-03-15:10:10:30,Sorrento F40L,5065a504-234a-4080-bcf4-0b4a964a3b16,0,15,20,30,29,66,TRUE,connected,connected,33.90969068,-118.1667384
2014-03-15:10:10:30,Sorrento F41L,86d93f67-0287-4e85-8472-076aa8b9fa42,7,21,37,52,98,18,TRUE,disabled,enabled,37.5210727,-122.1961942
2014-03-15:10:10:30,Sorrento F41L,32af1a0b-ca7f-4906-9772-9eb9435e7e4c,5,15,47,90,44,22,TRUE,enabled,disabled,34.14074218,-108.8126479
2014-03-15:10:10:30,Sorrento F41L,80d62874-bb41-4340-a6a7-e831a75e2955,4,11,31,33,83,24,TRUE,enabled,enabled,36.46112402,-120.8657067
2014-03-15:10:10:30,Sorrento F41L,58351567-93c1-4a19-8a67-19bee11d5d6e,8,26,30,49,56,42,TRUE,connected,connected,34.86729088,-118.1463124
2014-03-15:10:10:30,Sorrento F41L,0968b20b-7828-4d00-99bf-707e27f995c1,7,27,26,79,56,42,TRUE,enabled,enabled,42.19408857,-123.6438429
2014-03-15:10:10:30,Sorrento F41L,b069f52f-bee1-4bde-9357-3780dd7fa670,11,32,30,77,90,64,TRUE,enabled,connected,35.21730729,-114.176435
2014-03-15:10:10:30,Sorrento F41L,574f4b03-9481-455a-910a-159f4d42883b,6,24,50,92,42,62,TRUE,connected,connected,34.36141008,-117.8531285
2014-03-15:10:10:30,Sorrento F41L,609b2b10-eff2-4084-a513-194299fca231,5,17,69,34,81,20,TRUE,disabled,enabled,34.93341478,-115.7343485
2014-03-15:10:10:30,Titanic 1000,2bdf365b-c72f-46ab-b3d6-5e59d9bc1887,55,35,32,29,29,0,TRUE,disabled,connected,39.57033222,-114.5728782
2014-03-15:10:10:30,Titanic 1000,ede10d74-5117-4e2c-818d-bca8350912f7,75,99,55,47,29,1,TRUE,enabled,enabled,36.15253962,-114.7335791
2014-03-15:10:10:30,Titanic 1000,3a8b0445-baa9-4453-93fc-75c071558250,85,76,9,49,28,1,TRUE,enabled,connected,34.53418433,-118.8123594
2014-03-15:10:10:30,Titanic 1100,609d7e61-faec-488d-b3f0-fb680a1100f6,42,71,27,62,29,0,TRUE,enabled,connected,33.83197462,-112.2184023
2014-03-15:10:10:30,Titanic 2300,95710391-c52f-4240-918b-1fa2cd75cb9b,77,39,50,42,13,0,TRUE,enabled,enabled,38.18253129,-122.0230003
2014-03-15:10:10:30,Titanic 2300,ba068279-8cd2-4f67-96d6-11e1e8009031,98,43,33,0,25,0,TRUE,connected,enabled,36.356628,-119.1836585
2014-03-15:10:10:30,Titanic 2300,a5c59f04-4006-4240-b645-9181d921eff7,26,45,24,29,32,2,TRUE,enabled,connected,34.38914501,-117.2194972
2014-03-15:10:10:30,Titanic 2400,d4f2958f-27a9-49ec-b176-eca99e486b57,96,66,23,35,34,0,TRUE,enabled,enabled,36.27884454,-115.0075399
2014-03-15:10:10:30,Titanic 2400,e683c864-2c49-46dd-8aa4-4f10364f3cd2,48,31,53,53,27,1,TRUE,disabled,enabled,37.20925116,-121.4935874
2014-03-15:10:10:30,Titanic 2500,f4677095-2774-4c60-816e-17647391ca72,31,87,51,57,10,0,TRUE,enabled,enabled,38.58881494,-122.0459284
2014-03-15:10:10:30,Titanic 3000,f1741632-d0a9-45a5-9fe5-96dde1ec2195,62,30,66,13,24,1,TRUE,connected,enabled,34.55053135,-118.4680941
2014-03-15:10:10:30,Titanic 4000,57d50d31-ce40-440d-a2b3-a041eb9a29f5,81,96,65,56,30,0,FALSE,enabled,enabled,0,0
2014-03-15:10:10:31,iFruit 1,9cee1f7a-8dc7-4121-bcab-6f8bf8ead60f,0,28,86,74,59,39,TRUE,enabled,enabled,43.0835348,-122.7586275
2014-03-15:10:10:31,iFruit 1,4072138f-f89e-4234-8e41-b5f0a17b216c,0,22,44,82,38,23,TRUE,enabled,enabled,38.67678309,-122.1289424
2014-03-15:10:10:31,iFruit 1,df9a2282-3bea-4ef0-87ce-d6d031c570a8,0,11,68,36,18,18,TRUE,connected,connected,36.38231515,-114.8409669
2014-03-15:10:10:31,iFruit 2,7bd3750a-4b2d-4459-9ec0-79952d638160,1,27,24,92,65,8,TRUE,enabled,enabled,34.3594351,-118.1514764
2014-03-15:10:10:31,iFruit 4A,a513c5b9-fc55-447e-bab8-295e9fee9ad7,1,26,54,41,55,38,TRUE,disabled,connected,34.30002856,-118.4369899
2014-03-15:10:10:31,MeeToo 1.0,633cf86a-d921-4937-a9c0-fb02d1b413dc,0,26,54,91,17,19,TRUE,enabled,enabled,33.95115631,-118.0305015
2014-03-15:10:10:31,MeeToo 3.0,d9226e84-bd51-473c-a8c8-35cddbf4728f,1,33,56,48,0,6,TRUE,enabled,enabled,33.78150135,-117.6244131
2014-03-15:10:10:31,MeeToo 4.0,3be985f2-be44-4193-ba49-15f7faf4bae0,0,15,45,31,20,43,TRUE,disabled,connected,35.32309164,-117.6400743
2014-03-15:10:10:31,Ronin S2,cbc6f529-054c-439c-bd7c-0eda221cb9db,0,28,58,63,56,29,TRUE,enabled,enabled,42.88846548,-122.7612147
2014-03-15:10:10:31,Ronin S2,17b0aa6e-94e3-4dae-b65f-3dfb320d9ba3,0,19,69,35,17,36,TRUE,enabled,connected,34.40362623,-117.9450044
2014-03-15:10:10:31,Sorrento F00L,43fcd529-9d63-4f1e-9917-b0731392473a,1,31,22,77,52,41,TRUE,connected,enabled,36.14828126,-114.6501937
2014-03-15:10:10:31,Sorrento F00L,1d585344-f4e2-4629-9e68-349e923000db,0,32,35,49,46,52,TRUE,enabled,connected,37.42087466,-122.1572076
2014-03-15:10:10:31,Sorrento F01L,4b4a729d-e969-43fa-bc4e-f39f8c4de812,1,25,58,76,8,12,TRUE,enabled,enabled,45.8947719,-121.6081031
2014-03-15:10:10:31,Sorrento F01L,db702e4b-a168-4d90-ab13-698baeab1de8,1,23,48,95,63,56,TRUE,enabled,enabled,36.27248163,-120.7980009
2014-03-15:10:10:31,Sorrento F11L,3c60bcf2-12f2-4e26-91c9-882f4bc387c1,0,28,70,78,40,16,TRUE,enabled,connected,32.79488688,-117.1423094
2014-03-15:10:10:31,Sorrento F11L,666658ad-5976-40ad-b3e1-92e8c252a68b,0,20,40,61,11,11,TRUE,enabled,enabled,34.3397129,-118.0309659
2014-03-15:10:10:31,Sorrento F20L,c5eda5be-20e3-4d62-a62e-9ba4705c4e49,0,24,62,59,62,46,TRUE,enabled,enabled,45.09251943,-117.5030649
2014-03-15:10:10:31,Sorrento F22L,06abd46e-42db-44c9-b522-4f0ca51c5608,1,30,57,34,50,25,TRUE,enabled,connected,39.43369407,-114.6326167
2014-03-15:10:10:31,Sorrento F23L,4d08c25b-3467-47bf-b5ff-5ccff8e5cea4,0,14,26,72,50,25,TRUE,enabled,enabled,41.32174197,-117.26761
2014-03-15:10:10:31,Sorrento F30L,28e4cd14-8e21-4e1c-964e-768fd18cf154,0,14,22,57,46,41,TRUE,enabled,connected,34.35537626,-117.8703312
2014-03-15:10:10:31,Sorrento F31L,5f8a1769-ed57-44b7-afcf-4a6dfafb9f55,0,14,66,62,31,33,TRUE,disabled,enabled,37.34802884,-121.511701
2014-03-15:10:10:31,Sorrento F41L,b3a27aab-6831-4a1e-8189-5f25d4ee0a1e,6,23,37,36,45,60,FALSE,enabled,enabled,0,0
2014-03-15:10:10:31,Sorrento F41L,9335a13e-ab47-499a-9cd3-2f1a6a890b01,6,23,50,62,83,27,TRUE,disabled,enabled,38.63174362,-121.3798372
2014-03-15:10:10:31,Sorrento F41L,124e5009-6a46-49f2-b1c1-c3d8cc757adc,7,31,29,62,63,51,TRUE,enabled,disabled,38.30603053,-121.0890615
2014-03-15:10:10:31,Sorrento F41L,470c76f9-e94c-4dbb-a697-16420609df75,11,33,60,34,69,62,TRUE,connected,connected,37.2393815,-121.6230167
2014-03-15:10:10:31,Sorrento F41L,c9298474-0db1-4471-aff3-0047b8d00eea,4,12,32,62,59,32,TRUE,disabled,connected,38.14719129,-121.8459341
2014-03-15:10:10:31,Sorrento F41L,b343c885-2955-457f-a799-e51582776a09,11,33,33,87,54,48,TRUE,enabled,disabled,33.06584526,-116.9982077
2014-03-15:10:10:31,Sorrento F41L,5c73b145-74b2-4260-a13c-dab382e7e6d9,2,12,41,63,86,1,TRUE,enabled,enabled,38.04127862,-122.103959
2014-03-15:10:10:31,Sorrento F41L,ca77ae33-4357-4389-b91c-4f2b4e9cb1cb,3,12,56,59,89,37,FALSE,enabled,connected,0,0
2014-03-15:10:10:31,Sorrento F41L,f72dd78e-fe23-4a3a-b2e3-954b12ef1027,10,29,45,42,63,8,TRUE,enabled,enabled,33.89783578,-117.5385873
2014-03-15:10:10:31,Titanic 1000,fcd82616-89bd-443a-a14f-556b871b6b97,70,86,6,13,14,0,TRUE,disabled,disabled,44.34394482,-123.2134933
2014-03-15:10:10:31,Titanic 1000,3718f885-42fd-4c90-9151-166519fcf0c2,35,91,43,42,16,0,TRUE,enabled,connected,39.49438732,-120.4830249
2014-03-15:10:10:31,Titanic 2000,5c6d0258-7c0e-4c34-ac64-e882dba1ca21,78,65,20,63,22,0,TRUE,enabled,enabled,35.06817461,-114.0992677
2014-03-15:10:10:31,Titanic 2100,6aaeca81-f279-4322-b23e-dbb2d7f4095c,22,92,52,63,16,0,TRUE,disabled,disabled,36.16262097,-114.8517192
2014-03-15:10:10:31,Titanic 2100,3d417f96-eaa1-42cc-89ee-07dadcfc97f3,71,49,43,49,16,1,TRUE,enabled,enabled,31.9943727,-111.3917029
2014-03-15:10:10:31,Titanic 2200,690fecc9-f031-475c-84e6-c7cc52cddf03,36,81,21,35,31,2,TRUE,enabled,enabled,33.99575401,-116.4893988
2014-03-15:10:10:31,Titanic 3000,b4f7e9ed-077f-4c45-8be6-708f0a244bbf,55,61,2,1,20,0,TRUE,connected,connected,39.55488407,-121.0207884
2014-03-15:10:10:31,Titanic 4000,1882b564-c7e0-4315-aa24-228c0155ee1b,58,36,39,31,15,0,TRUE,enabled,enabled,40.69206648,-119.4216429